00000001	0.00000000	KTM:  TmRollbackTransaction for tx 15852d20	
00000002	0.00000290	KTM:  TmRollbackTransaction for tx 15852d20	
00000003	0.00097330	KTM:  TmRollbackTransaction for tx 15850870	
00000004	0.00097550	KTM:  TmRollbackTransaction for tx 15850870	
00000005	7.27435827	ep(FFFFFA80157B63C0, \REGISTRY\MACHINE\SYSTEM\ControlSet001\services\CancelGuard.dll)	
00000006	7.27436018	KiGenericProtectionFault = FFFFF80002A80D40	
00000007	7.27439594	ntos=FFFFF80002A0E000 5E7000 [0]	
00000008	7.27439737	cr3=187000	
00000009	7.27439928	1ed FFFFF6FB7DBEDF68 187063	
00000010	7.27440166	1ed	
00000011	7.27440166	fffff68000000000	
00000012	7.27440166	fffff6fb40000000	
00000013	7.27440262	fffff6fb7da00000	
00000014	7.27440262	fffff6fb7dbed000	
00000015	7.27440405	iat:FFFFF8800631B000 FFFFF6FC400318D8 000000005C7D7963	
00000016	7.27440548	INITKDBG: FFFFF80002BB1000 000039B0	
00000017	7.27440643	map: FFFFF6FC00015D88 <- FFFFF6FC400318A8	
00000018	7.27440786	NT::Z_DETOUR_REGION::Z_DETOUR_REGION<FFFFF8800631C090>(FFFFF80002BB1000, 40)	
00000019	7.27440977	NT::Z_DETOUR_REGION::Z_DETOUR_REGION<FFFFF8800631C0A8>(FFFFF88006316000, c0)	
00000020	7.27441120	InitRegions = 0	
00000021	7.27441216	mdl: 4 FFFFF8800631B000	
00000022	7.27443933	TrInit = 0	
00000023	7.27444077	G[0]=000000000000000F	
00000024	7.27445126	>> G[3][0.3] 0000000000000008/0000000000000008	
00000025	7.27445269	int0D=FFFFF88002FF7690 KiGenericProtectionFault = FFFFF80002A80D40 [1]	
00000026	7.27447510	>> G[2][0.2] 0000000000000004/0000000000000004	
00000027	7.27447701	int0D=FFFFF88002F81690 KiGenericProtectionFault = FFFFF80002A80D40 [1]	
00000028	7.27449369	>> G[1][0.1] 0000000000000002/0000000000000002	
00000029	7.27449608	int0D=FFFFF88002F0B690 KiGenericProtectionFault = FFFFF80002A80D40 [1]	
00000030	7.27451372	>> G[0][0.0] 0000000000000001/0000000000000001	
00000031	7.27451611	int0D=FFFFF80000B93150 KiGenericProtectionFault = FFFFF80002A80D40 [1]	
00000032	7.27451658	>> G[0]=0000000000000000	
00000033	7.27451992	FFFFF80002BB1FC0[FFFFF80002A7B6A0 -> FFFFF80002BB1FE0]	
00000034	7.27452183	FFFFF80002BB1F80[FFFFF80002A92220 -> FFFFF80002BB1FA0]	
00000035	9.21568871	FFFFF8800100A210>OpenKey(\Registry\Machine\System\CurrentControlSet\Control\Cryptography\Providers)	
00000036	9.21576023	FFFFF8800100A3D2>OpenKey(\Registry\Machine\System\CurrentControlSet\Control\Cryptography\Configuration)	
00000037	9.21586990	FFFFF8800100A210>OpenKey(\Registry\Machine\System\CurrentControlSet\Control\Cryptography\Providers)	
00000038	9.21590042	FFFFF8800100A3D2>OpenKey(\Registry\Machine\System\CurrentControlSet\Control\Cryptography\Configuration)	
00000039	9.64105415	FFFFF80002D34C0F>OpenKey(	
00000040	9.64960861	FFFFF960000F5811>OpenKey(\Registry\Machine\Software\Microsoft\Windows NT\CurrentVersion\Compatibility32)	
00000041	9.64963818	FFFFF960000F5811>OpenKey(\Registry\Machine\Software\Microsoft\Windows NT\CurrentVersion\IME Compatibility)	
00000042	9.65868568	FFFFF80002D19095>OpenKey(\Registry\Machine\System\CurrentControlSet\Control\Lsa)	
00000043	9.77442360	FFFFF80002D411AD>OpenKey(\Registry\Machine\System\CurrentControlSet\Control\WMI\Security)	
00000044	10.82526207	FFFFF8800155D4B6>OpenKey(\Registry\Machine\System\CurrentControlSet\Control\Nsi\{eb004a00-9b1a-11d4-9123-0050047759bc}\6)	
00000045	10.82537365	FFFFF8800155D4B6>OpenKey(\Registry\Machine\System\CurrentControlSet\Control\Nsi\{eb004a00-9b1a-11d4-9123-0050047759bc}\2)	
00000046	10.82538223	FFFFF8800155D4B6>OpenKey(\Registry\Machine\System\CurrentControlSet\Control\Nsi\{eb004a00-9b1a-11d4-9123-0050047759bc})	
00000047	10.82540035	FFFFF8800155D4B6>OpenKey(\Registry\Machine\System\CurrentControlSet\Control\Nsi\{eb004a03-9b1a-11d4-9123-0050047759bc}\0)	
00000048	10.82540989	FFFFF8800155D4B6>OpenKey(\Registry\Machine\System\CurrentControlSet\Control\Nsi\{eb004a03-9b1a-11d4-9123-0050047759bc})	
00000049	10.82555676	FFFFF8800155D4B6>OpenKey(\Registry\Machine\System\CurrentControlSet\Control\Nsi\{eb004a02-9b1a-11d4-9123-0050047759bc}\0)	
00000050	105.50695038	>GenericProtectionHandler FFFFF80002A2CC8D/FFFFF80002C8D74C	
00000051	105.50696564	FFFFF80002A2CC84> add rsp,28    ;1	
00000052	105.50697327	exit from FFFFF80002A2CC8D to FFFFF80002ACF91D	
00000053	105.50698090	>GenericProtectionHandler FFFFF80002ACF91D/FFFFF80002C95CFC	
00000054	105.50698853	FFFFF80002ACF914> add rsp,28    ;1	
00000055	105.50700378	exit from FFFFF80002ACF91D to FFFFF80002ACF952	
00000056	105.50701141	>GenericProtectionHandler FFFFF80002B84302/FFFFF80002C9EBC4	
00000057	105.50701904	FFFFF80002B8428B> add rsp,c0    ;1	
00000058	105.50702667	FFFFF80002B84284> pop rbx    ;1	
00000059	105.50703430	exit from FFFFF80002B84302 to FFFFF80002A8ECFC	
00000060	109.82415009	KTM:  TmRollbackTransaction for tx 1580a340	
00000061	109.82416534	KTM:  TmRollbackTransaction for tx 1580a340	
00000062	110.33284760	>GenericProtectionHandler FFFFF80002A8DC1D/FFFFF80002C93344	
00000063	110.33284760	FFFFF80002A8DC14> add rsp,28    ;1	
00000064	110.33286285	exit from FFFFF80002A8DC1D to FFFFF80002A8DC52	
00000065	110.33286285	>GenericProtectionHandler FFFFF80002A89AD6/FFFFF80002C92F00	
00000066	110.33286285	FFFFF80002A89A32> mov rbx,[rsp + f8]    ;1	
00000067	110.33286285	FFFFF80002A89A32> add rsp,c0    ;1	
00000068	110.33287811	FFFFF80002A89A2B> pop r15    ;1	
00000069	110.33287811	FFFFF80002A89A29> pop r13    ;1	
00000070	110.33287811	FFFFF80002A89A27> pop r12    ;1	
00000071	110.33287811	FFFFF80002A89A25> pop rdi    ;1	
00000072	110.33287811	FFFFF80002A89A24> pop rsi    ;1	
00000073	110.33287811	exit from FFFFF80002A89AD6 to FFFFF80002A8ECFC	
00000074	191.75540161	DriverUnload	
00000075	191.75541687	G[0]=000000000000000F	
00000076	191.75546265	>> G[3][0.3] 0000000000000008/0000000000000008	
00000077	191.75546265	int0D=FFFFF88002FF7690 KiGenericProtectionFault = FFFFF8800631A9A0 [0]	
00000078	191.75547791	>> G[2][0.2] 0000000000000004/0000000000000004	
00000079	191.75547791	int0D=FFFFF88002F81690 KiGenericProtectionFault = FFFFF8800631A9A0 [0]	
00000080	191.75553894	>> G[1][0.1] 0000000000000002/0000000000000002	
00000081	191.75553894	int0D=FFFFF88002F0B690 KiGenericProtectionFault = FFFFF8800631A9A0 [0]	
00000082	191.75556946	>> G[0][0.0] 0000000000000001/0000000000000001	
00000083	191.75558472	int0D=FFFFF80000B93150 KiGenericProtectionFault = FFFFF8800631A9A0 [0]	
00000084	191.75558472	>> G[0]=0000000000000000	
