00000001	0.00000000	ep(FFFFFA8015A41840, \REGISTRY\MACHINE\SYSTEM\ControlSet001\services\CancelGuard.dll)	
00000002	0.00000180	KiGenericProtectionFault = FFFFF80002A7CD40	
00000003	0.00005600	ntos=FFFFF80002A0A000 5E7000 [0]	
00000004	0.00005700	cr3=187000	
00000005	0.00005990	1ed FFFFF6FB7DBEDF68 187063	
00000006	0.00006250	1ed	
00000007	0.00006270	fffff68000000000	
00000008	0.00006290	fffff6fb40000000	
00000009	0.00006310	fffff6fb7da00000	
00000010	0.00006320	fffff6fb7dbed000	
00000011	0.00006500	iat:FFFFF88005D37000 FFFFF6FC4002E9B8 000000005C811963	
00000012	0.00006630	INITKDBG: FFFFF80002BAD000 000039B0	
00000013	0.00006750	map: FFFFF6FC00015D68 <- FFFFF6FC4002E978	
00000014	0.00006920	NT::Z_DETOUR_REGION::Z_DETOUR_REGION<FFFFF88005D38068>(FFFFF80002BAD000, 40)	
00000015	0.00007100	NT::Z_DETOUR_REGION::Z_DETOUR_REGION<FFFFF88005D38080>(FFFFF88005D30000, c0)	
00000016	0.00007250	InitRegions = 0	
00000017	0.00007370	mdl: 4 FFFFF88005D37000	
00000018	0.00010430	TrInit = 0	
00000019	0.00010570	G[0]=000000000000000F	
00000020	0.00012760	>> G[3][0.3] 0000000000000008/0000000000000008	
00000021	0.00012990	int0D=FFFFF88002FF7690 KiGenericProtectionFault = FFFFF80002A7CD40 [1]	
00000022	0.00015560	>> G[2][0.2] 0000000000000004/0000000000000004	
00000023	0.00015770	int0D=FFFFF88002F81690 KiGenericProtectionFault = FFFFF80002A7CD40 [1]	
00000024	0.00017860	>> G[1][0.1] 0000000000000002/0000000000000002	
00000025	0.00018100	int0D=FFFFF88002F0B690 KiGenericProtectionFault = FFFFF80002A7CD40 [1]	
00000026	0.00020270	>> G[0][0.0] 0000000000000001/0000000000000001	
00000027	0.00020430	int0D=FFFFF80004092150 KiGenericProtectionFault = FFFFF80002A7CD40 [1]	
00000028	0.00020570	>> G[0]=0000000000000000	
00000029	0.00020890	FFFFF80002BADFC0[FFFFF80002A776A0 -> FFFFF80002BADFE0]	
00000030	0.00305400	FFFFF80002D3D1AD>OpenKey(\Registry\Machine\System\CurrentControlSet\Control\WMI\Security)	
00000031	0.00313730	FFFFF80002CF1CC8>OpenKey(PCI\VEN_15AD&DEV_0774&SUBSYS_197615AD&REV_00\4&3ad87e0a&0&0088)	
00000032	0.00314970	FFFFF80002CF1CC8>OpenKey(PCI\VEN_15AD&DEV_0770&SUBSYS_077015AD&REV_00\4&3ad87e0a&0&1888)	
00000033	0.01182760	FFFFF80002D3D1AD>OpenKey(\Registry\Machine\System\CurrentControlSet\Control\WMI\Security)	
00000034	0.01193500	FFFFF80002CF1CC8>OpenKey(PCI\VEN_15AD&DEV_0774&SUBSYS_197615AD&REV_00\4&3ad87e0a&0&0088)	
00000035	0.01197430	FFFFF80002CF1CC8>OpenKey(PCI\VEN_15AD&DEV_0770&SUBSYS_077015AD&REV_00\4&3ad87e0a&0&1888)	
00000036	0.02377100	++CModule<FFFFFA8016200000>(ntoskrnl.exe) FFFFF80002A0A000	
00000037	0.02381090	===FFFFF80002A5354C	
00000038	0.05062370	FFFFF80002D3D1AD>OpenKey(\Registry\Machine\System\CurrentControlSet\Control\WMI\Security)	
00000039	0.05073260	FFFFF80002CF1CC8>OpenKey(PCI\VEN_15AD&DEV_0774&SUBSYS_197615AD&REV_00\4&3ad87e0a&0&0088)	
00000040	0.05074580	FFFFF80002CF1CC8>OpenKey(PCI\VEN_15AD&DEV_0770&SUBSYS_077015AD&REV_00\4&3ad87e0a&0&1888)	
00000041	0.05969480	FFFFF80002D3D1AD>OpenKey(\Registry\Machine\System\CurrentControlSet\Control\WMI\Security)	
00000042	0.05976690	FFFFF80002CF1CC8>OpenKey(PCI\VEN_15AD&DEV_0774&SUBSYS_197615AD&REV_00\4&3ad87e0a&0&0088)	
00000043	0.05977770	FFFFF80002CF1CC8>OpenKey(PCI\VEN_15AD&DEV_0770&SUBSYS_077015AD&REV_00\4&3ad87e0a&0&1888)	
00000044	0.09995420	FFFFF80002D3D1AD>OpenKey(\Registry\Machine\System\CurrentControlSet\Control\WMI\Security)	
00000045	0.10003420	FFFFF80002CF1CC8>OpenKey(PCI\VEN_15AD&DEV_0774&SUBSYS_197615AD&REV_00\4&3ad87e0a&0&0088)	
00000046	0.10004620	FFFFF80002CF1CC8>OpenKey(PCI\VEN_15AD&DEV_0770&SUBSYS_077015AD&REV_00\4&3ad87e0a&0&1888)	
00000047	85.38727570	>GenericProtectionHandler FFFFF80002A2F14D/FFFFF80002C89EC0	
00000048	85.38727570	FFFFF80002A2F144> add rsp,28    ;1	
00000049	85.38727570	exit from FFFFF80002A2F14D to FFFFF80002A8E5AD	
00000050	85.38730621	>GenericProtectionHandler FFFFF80002A8E5AD/FFFFF80002C8F584	
00000051	85.38730621	FFFFF80002A8E5A4> add rsp,28    ;1	
00000052	85.38730621	exit from FFFFF80002A8E5AD to FFFFF80002A8E5E2	
00000053	85.38730621	>GenericProtectionHandler FFFFF80002A8E425/FFFFF80002C8F560	
00000054	85.38730621	FFFFF80002A8E3AB> mov rsi,[rsp + 120]    ;1	
00000055	85.38730621	FFFFF80002A8E3AB> mov rbx,[rsp + 118]    ;1	
00000056	85.38730621	FFFFF80002A8E3AB> add rsp,e0    ;1	
00000057	85.38730621	FFFFF80002A8E3A4> pop r15    ;1	
00000058	85.38730621	FFFFF80002A8E3A2> pop r14    ;1	
00000059	85.38730621	FFFFF80002A8E3A0> pop r13    ;1	
00000060	85.38730621	FFFFF80002A8E39E> pop r12    ;1	
00000061	85.38731384	FFFFF80002A8E39C> pop rdi    ;1	
00000062	85.38731384	exit from FFFFF80002A8E425 to FFFFF80002A8A7AC	
00000063	87.83956146	>GenericProtectionHandler FFFFF80002A17EED/FFFFF80002C88BE8	
00000064	87.83957672	FFFFF80002A17EE4> add rsp,28    ;1	
00000065	87.83958435	exit from FFFFF80002A17EED to FFFFF80002A89C1D	
00000066	87.83959198	>GenericProtectionHandler FFFFF80002A89C1D/FFFFF80002C8F344	
00000067	87.83959961	FFFFF80002A89C14> add rsp,28    ;1	
00000068	87.83959961	exit from FFFFF80002A89C1D to FFFFF80002A89C52	
00000069	87.83960724	>GenericProtectionHandler FFFFF80002A85AD6/FFFFF80002C8EF00	
00000070	87.83961487	FFFFF80002A85A32> mov rbx,[rsp + f8]    ;1	
00000071	87.83962250	FFFFF80002A85A32> add rsp,c0    ;1	
00000072	87.83963013	FFFFF80002A85A2B> pop r15    ;1	
00000073	87.83963776	FFFFF80002A85A29> pop r13    ;1	
00000074	87.83963776	FFFFF80002A85A27> pop r12    ;1	
00000075	87.83964539	FFFFF80002A85A25> pop rdi    ;1	
00000076	87.83964539	FFFFF80002A85A24> pop rsi    ;1	
00000077	87.83964539	exit from FFFFF80002A85AD6 to FFFFF80002A8A7AC	
00000078	98.68096161	KTM:  TmRollbackTransaction for tx 15adf2d0	
00000079	98.68096924	KTM:  TmRollbackTransaction for tx 15adf2d0	
00000080	158.61364746	KTM:  TmRollbackTransaction for tx 15b83c90	
00000081	158.61366272	KTM:  TmRollbackTransaction for tx 15b83c90	
00000082	208.15637207	OnSessionNotify(FFFFFA801581B850 FFFFFA8015A41840 1 0000000000000000 0000000000000000 0)	
00000083	208.16069031	Trying to disable physical device not enabled in this session.	
00000084	208.16072083	Trying to disable physical device not enabled in this session.	
00000085	208.16073608	Trying to disable physical device not enabled in this session.	
00000086	208.16075134	Trying to disable physical device not enabled in this session.	
00000087	208.16076660	Trying to disable physical device not enabled in this session.	
00000088	208.16079712	Trying to disable physical device not enabled in this session.	
00000089	208.16081238	Trying to disable physical device not enabled in this session.	
00000090	208.16082764	Trying to disable physical device not enabled in this session.	
00000091	208.34825134	OnSessionNotify(FFFFFA801581B850 FFFFFA8015A41840 3 0000000000000000 FFFFF8A0005E0920 8)	
00000092	208.67234802	Trying to disable physical device not enabled in this session.	
00000093	208.67474365	OnSessionNotify(FFFFFA8014F87A00 FFFFFA8015A41840 4 0000000000000000 0000000000000000 0)	
00000094	208.68034363	OnSessionNotify(FFFFFA801581B850 FFFFFA8015A41840 4 0000000000000000 0000000000000000 0)	
00000095	208.69042969	OnSessionNotify(FFFFFA8016118D50 FFFFFA8015A41840 1 0000000000000000 0000000000000000 0)	
00000096	208.81829834	Trying to disable physical device not enabled in this session.	
00000097	208.81832886	Trying to disable physical device not enabled in this session.	
00000098	208.81834412	Trying to disable physical device not enabled in this session.	
00000099	208.81837463	Trying to disable physical device not enabled in this session.	
00000100	208.81838989	Trying to disable physical device not enabled in this session.	
00000101	208.81840515	Trying to disable physical device not enabled in this session.	
00000102	208.81843567	Trying to disable physical device not enabled in this session.	
00000103	208.81846619	Trying to disable physical device not enabled in this session.	
00000104	209.15226746	OnSessionNotify(FFFFFA8016118D50 FFFFFA8015A41840 3 0000000000000000 FFFFF8A003E85E60 8)	
00000105	209.27742004	OnSessionNotify(FFFFFA8014F87A00 FFFFFA8015A41840 3 0000000000000000 FFFFF8A0017E3EA0 8)	
00000106	209.28695679	OnSessionNotify(FFFFFA801581B850 FFFFFA8015A41840 2 0000000000000000 0000000000000000 0)	
00000107	233.44393921	OnSessionNotify(FFFFFA8014F87A00 FFFFFA8015A41840 4 0000000000000000 0000000000000000 0)	
00000108	242.16415405	Trying to disable physical device not enabled in this session.	
00000109	242.16563416	OnSessionNotify(FFFFFA8016118D50 FFFFFA8015A41840 4 0000000000000000 0000000000000000 0)	
00000110	242.57022095	OnSessionNotify(FFFFFA8014F87A00 FFFFFA8015A41840 3 0000000000000000 FFFFF8A0017E9790 8)	
00000111	242.57441711	OnSessionNotify(FFFFFA8016118D50 FFFFFA8015A41840 2 0000000000000000 0000000000000000 0)	
00000112	267.23461914	DriverUnload	
00000113	267.23461914	G[0]=000000000000000F	
00000114	267.23464966	>> G[3][0.3] 0000000000000008/0000000000000008	
00000115	267.23464966	int0D=FFFFF88002FF7690 KiGenericProtectionFault = FFFFF88005D35D10 [0]	
00000116	267.23468018	>> G[2][0.2] 0000000000000004/0000000000000004	
00000117	267.23468018	int0D=FFFFF88002F81690 KiGenericProtectionFault = FFFFF88005D35D10 [0]	
00000118	267.23474121	>> G[1][0.1] 0000000000000002/0000000000000002	
00000119	267.23474121	int0D=FFFFF88002F0B690 KiGenericProtectionFault = FFFFF88005D35D10 [0]	
00000120	267.23477173	>> G[0][0.0] 0000000000000001/0000000000000001	
00000121	267.23477173	int0D=FFFFF80004092150 KiGenericProtectionFault = FFFFF88005D35D10 [0]	
00000122	267.23480225	>> G[0]=0000000000000000	
