00000001	0.00000000	ep(FFFFFA80155357B0, \REGISTRY\MACHINE\SYSTEM\ControlSet001\services\CancelGuard.dll)	
00000002	0.00000160	KiGenericProtectionFault = FFFFF80002ADAD40	
00000003	0.00004270	ntos=FFFFF80002A68000 5E7000 [0]	
00000004	0.00004370	cr3=187000	
00000005	0.00004590	1ed FFFFF6FB7DBEDF68 187063	
00000006	0.00004810	1ed	
00000007	0.00004820	fffff68000000000	
00000008	0.00004840	fffff6fb40000000	
00000009	0.00004860	fffff6fb7da00000	
00000010	0.00004870	fffff6fb7dbed000	
00000011	0.00005080	iat:FFFFF88002149000 FFFFF6FC40010A48 000000005C80D963	
00000012	0.00005200	INITKDBG: FFFFF80002C0B000 000039B0	
00000013	0.00005320	map: FFFFF6FC00016058 <- FFFFF6FC40010A18	
00000014	0.00005490	NT::Z_DETOUR_REGION::Z_DETOUR_REGION<FFFFF8800214A090>(FFFFF80002C0B000, 40)	
00000015	0.00005670	NT::Z_DETOUR_REGION::Z_DETOUR_REGION<FFFFF8800214A0A8>(FFFFF88002144000, c0)	
00000016	0.00005820	InitRegions = 0	
00000017	0.00005930	mdl: 4 FFFFF88002149000	
00000018	0.00008660	TrInit = 0	
00000019	0.00008790	G[0]=000000000000000F	
00000020	0.00010530	>> G[3][0.3] 0000000000000008/0000000000000008	
00000021	0.00010740	int0D=FFFFF88002FF7690 KiGenericProtectionFault = FFFFF80002ADAD40 [1]	
00000022	0.00013000	>> G[2][0.2] 0000000000000004/0000000000000004	
00000023	0.00013160	int0D=FFFFF88002F81690 KiGenericProtectionFault = FFFFF80002ADAD40 [1]	
00000024	0.00014880	>> G[1][0.1] 0000000000000002/0000000000000002	
00000025	0.00015090	int0D=FFFFF88002F0B690 KiGenericProtectionFault = FFFFF80002ADAD40 [1]	
00000026	0.00016970	>> G[0][0.0] 0000000000000001/0000000000000001	
00000027	0.00017170	int0D=FFFFF80004082150 KiGenericProtectionFault = FFFFF80002ADAD40 [1]	
00000028	0.00017320	>> G[0]=0000000000000000	
00000029	0.00017630	FFFFF80002C0BFC0[FFFFF80002AD56A0 -> FFFFF80002C0BFE0]	
00000030	0.00017820	FFFFF80002C0BF80[FFFFF80002AEC220 -> FFFFF80002C0BFA0]	
00000031	7.55853033	>GenericProtectionHandler FFFFF80002B29A9D/FFFFF80002CEFD5C	
00000032	7.55853748	FFFFF80002B29A94> add rsp,28    ;1	
00000033	7.55854225	exit from FFFFF80002B29A9D to FFFFF80002B299DD	
00000034	7.55854940	>GenericProtectionHandler FFFFF80002B299DD/FFFFF80002CEFD2C	
00000035	7.55855370	FFFFF80002B299D4> add rsp,28    ;1	
00000036	7.55855751	exit from FFFFF80002B299DD to FFFFF80002A75EED	
00000037	7.55856466	>GenericProtectionHandler FFFFF80002A75EED/FFFFF80002CE6BE8	
00000038	7.55856895	FFFFF80002A75EE4> add rsp,28    ;1	
00000039	7.55857277	exit from FFFFF80002A75EED to FFFFF80002A75F22	
00000040	7.55857897	>GenericProtectionHandler FFFFF80002A75E50/FFFFF80002CE6BC4	
00000041	7.55858326	FFFFF80002A75DB2> add rsp,d8    ;1	
00000042	7.55858707	exit from FFFFF80002A75E50 to FFFFF80002AE87AC	
00000043	15.93352032	>GenericProtectionHandler FFFFF80002AE7C1D/FFFFF80002CED344	
00000044	15.93352985	FFFFF80002AE7C14> add rsp,28    ;1	
00000045	15.93353558	exit from FFFFF80002AE7C1D to FFFFF80002AE7C52	
00000046	15.93354702	>GenericProtectionHandler FFFFF80002AE3AD6/FFFFF80002CECF00	
00000047	15.93355370	FFFFF80002AE3A32> mov rbx,[rsp + f8]    ;1	
00000048	15.93355846	FFFFF80002AE3A32> add rsp,c0    ;1	
00000049	15.93356323	FFFFF80002AE3A2B> pop r15    ;1	
00000050	15.93356800	FFFFF80002AE3A29> pop r13    ;1	
00000051	15.93357277	FFFFF80002AE3A27> pop r12    ;1	
00000052	15.93357563	FFFFF80002AE3A25> pop rdi    ;1	
00000053	15.93358040	FFFFF80002AE3A24> pop rsi    ;1	
00000054	15.93358517	exit from FFFFF80002AE3AD6 to FFFFF80002AE8CFC	
00000055	22.72511482	FFFFF80002D8EC0F>OpenKey(	
00000056	22.72517204	FFFFF80002D96BE6>OpenKey(S-1-5-20)	
00000057	22.83293724	FFFFF96000165811>OpenKey(\Registry\Machine\Software\Microsoft\Windows NT\CurrentVersion\Compatibility32)	
00000058	22.83294678	FFFFF96000165811>OpenKey(\Registry\Machine\Software\Microsoft\Windows NT\CurrentVersion\IME Compatibility)	
00000059	22.83571053	FFFFF80002D73095>OpenKey(\Registry\Machine\System\CurrentControlSet\Control\Lsa)	
00000060	22.91410828	FFFFF80002D9B1AD>OpenKey(\Registry\Machine\System\CurrentControlSet\Services\spldr)	
00000061	23.09566116	FFFFF880021A3125>OpenKey(\Registry\Machine\SYSTEM\WPA\8DEC0AF1-0341-4b93-85CD-72606C2DF94C-5P-22)	
00000062	23.10828781	FFFFF80002D73095>OpenKey(\Registry\Machine\System\CurrentControlSet\Control\Lsa)	
00000063	23.11102867	KTM:  TmRollbackTransaction for tx 15a574d0	
00000064	23.11103249	KTM:  TmRollbackTransaction for tx 15a574d0	
00000065	23.13457680	FFFFF88000F2CB49>OpenKey(\Registry\Machine\System\CurrentControlSet\Services\ACPI\Parameters\XSDT\_ASUS_\Notebook)	
00000066	23.13459587	FFFFF88000F2CB49>OpenKey(\Registry\Machine\System\CurrentControlSet\Services\ACPI\Parameters\XSDT\_ASUS_\Notebook)	
00000067	23.13583755	FFFFF88000F2CB49>OpenKey(\Registry\Machine\System\CurrentControlSet\Services\ACPI\Parameters\SLIC\_ASUS_\Notebook)	
00000068	23.13634491	FFFFF88000F2CB49>OpenKey(\Registry\Machine\System\CurrentControlSet\Services\ACPI\Parameters\SLIC\_ASUS_\Notebook)	
00000069	45.48149872	FFFFF80002D9B1AD>OpenKey(\Registry\Machine\System\CurrentControlSet\Control\WMI\Security)	
00000070	46.51743317	FFFFF80002D9B1AD>OpenKey(\Registry\Machine\System\CurrentControlSet\Control\WMI\Security)	
00000071	46.51750946	FFFFF80002D4FCC8>OpenKey(PCI\VEN_15AD&DEV_0774&SUBSYS_197615AD&REV_00\4&3ad87e0a&0&0088)	
00000072	142.79318237	KTM:  TmRollbackTransaction for tx 15a91d20	
00000073	142.79318237	KTM:  TmRollbackTransaction for tx 15a91d20	
00000074	266.16345215	DriverUnload	
00000075	266.16345215	G[0]=000000000000000F	
00000076	266.16348267	>> G[3][0.3] 0000000000000008/0000000000000008	
00000077	266.16348267	int0D=FFFFF88002FF7690 KiGenericProtectionFault = FFFFF880021489A0 [0]	
00000078	266.16351318	>> G[2][0.2] 0000000000000004/0000000000000004	
00000079	266.16351318	int0D=FFFFF88002F81690 KiGenericProtectionFault = FFFFF880021489A0 [0]	
00000080	266.16354370	>> G[1][0.1] 0000000000000002/0000000000000002	
00000081	266.16354370	int0D=FFFFF88002F0B690 KiGenericProtectionFault = FFFFF880021489A0 [0]	
00000082	266.16354370	>> G[0][0.0] 0000000000000001/0000000000000001	
00000083	266.16354370	int0D=FFFFF80004082150 KiGenericProtectionFault = FFFFF880021489A0 [0]	
00000084	266.16354370	>> G[0]=0000000000000000	
