00000001	0.00000000	1310312500 - STORMINI: StorAHCI - LPM: Port 00 - Port Stopped	
00000002	0.00001530	1310312500 - STORMINI: StorAHCI - LPM: Port 00 - Port Started	
00000003	0.00020300	1310312500 - STORMINI: StorAHCI - LPM: Port 00 - Port Stopped	
00000004	0.00021180	1310312500 - STORMINI: StorAHCI - LPM: Port 00 - Port Started	
00000005	0.00303360	1310312500 - STORMINI: StorAHCI - LPM: Port 00 - Port Stopped	
00000006	0.00304290	1310312500 - STORMINI: StorAHCI - LPM: Port 00 - Port Started	
00000007	0.00321960	1310312500 - STORMINI: StorAHCI - LPM: Port 00 - Port Stopped	
00000008	0.00322840	1310312500 - STORMINI: StorAHCI - LPM: Port 00 - Port Started	
00000009	474.14303589	WERKERNELHOST: WerpCheckPolicy: Requested Policy is 2 	
00000010	474.14337158	WERKERNELHOST: System memory threshold is met. Memory Threshold 274877906944 bytes, SystemMemory 2146947072 bytes	
00000011	474.14337158	WERKERNELHOST: System threshold time is not met. Threshold time 133188584345502298, Current time 133188092215249000	
00000012	474.14343262	WERKERNELHOST: WerpCheckPolicy: Requested Policy 2 is higher than granted 0	
00000013	474.14343262	WERKERNELHOST: CheckPolicy throttled dump creation for Component 	
00000014	474.14364624	DBGK: DbgkWerCaptureLiveKernelDump: WerLiveKernelCreateReport failed, status 0xc0000022.	
00000015	474.14364624	 	
00000016	474.14364624	DBGK: DbgkpWerCleanupContext: Context 0xFFFFAD89FADABB30	
00000017	632.93731689	7639687500 - STORMINI: StorAHCI - LPM: Port 00 - Port Stopped	
00000018	632.93737793	7639687500 - STORMINI: StorAHCI - LPM: Port 00 - Port Started	
00000019	632.93750000	7639687500 - STORMINI: StorAHCI - LPM: Port 00 - Port Stopped	
00000020	632.93750000	7639687500 - STORMINI: StorAHCI - LPM: Port 00 - Port Started	
00000021	898.87640381	10299062500 - STORMINI: StorAHCI - LPM: Port 00 - Port Stopped	
00000022	898.87640381	10299062500 - STORMINI: StorAHCI - LPM: Port 00 - Port Started	
00000023	898.87664795	10299062500 - STORMINI: StorAHCI - LPM: Port 00 - Port Stopped	
00000024	898.87664795	10299062500 - STORMINI: StorAHCI - LPM: Port 00 - Port Started	
00000025	898.87731934	10299062500 - STORMINI: StorAHCI - LPM: Port 00 - Port Stopped	
00000026	898.87731934	10299062500 - STORMINI: StorAHCI - LPM: Port 00 - Port Started	
00000027	898.87762451	10299062500 - STORMINI: StorAHCI - LPM: Port 00 - Port Stopped	
00000028	898.87762451	10299062500 - STORMINI: StorAHCI - LPM: Port 00 - Port Started	
00000029	952.62957764	ep(FFFFBF07DA2D6E50, \REGISTRY\MACHINE\SYSTEM\ControlSet001\Services\CancelGuard.dll)	
00000030	952.62957764	KiGenericProtectionFault = FFFFF8000BD997C0	
00000031	952.62963867	ntos=FFFFF8000B406000 1043000 [0]	
00000032	952.62963867	single range !	
00000033	952.62963867	NT::Z_DETOUR_REGION::Z_DETOUR_REGION<FFFFF8001003B0B8>(FFFFF80010031000, 100)	
00000034	952.62963867	InitRegions = 0	
00000035	952.62963867	mdl: 4 FFFFF80010039000	
00000036	952.62963867	TrInit = 0	
00000037	952.62963867	G[0]=000000000000000F	
00000038	952.62976074	>> G[3][0.3] 0000000000000008/0000000000000008	
00000039	952.62976074	Pcr = FFFFD20159B80000(FFFFD20159B80180)	
00000040	952.62976074	AcpiReserved=0000000000000000 HalReserved=0000000000000000	
00000041	952.62976074	int0D = FFFFD20159B8D0D0 KiGenericProtectionFault = FFFFF8000BD997C0 [1]	
00000042	952.62976074	>> G[2][0.2] 0000000000000004/0000000000000004	
00000043	952.62976074	Pcr = FFFFD20159B00000(FFFFD20159B00180)	
00000044	952.62976074	AcpiReserved=0000000000000000 HalReserved=0000000000000000	
00000045	952.62976074	int0D = FFFFD20159B0D0D0 KiGenericProtectionFault = FFFFF8000BD997C0 [1]	
00000046	952.62988281	>> G[1][0.1] 0000000000000002/0000000000000002	
00000047	952.62988281	Pcr = FFFFD20159DE4000(FFFFD20159DE4180)	
00000048	952.62988281	AcpiReserved=0000000000000000 HalReserved=0000000000000000	
00000049	952.62988281	int0D = FFFFD20159DF10D0 KiGenericProtectionFault = FFFFF8000BD997C0 [1]	
00000050	952.62988281	>> G[0][0.0] 0000000000000001/0000000000000001	
00000051	952.62988281	Pcr = FFFFF8000A266000(FFFFF8000A266180)	
00000052	952.62988281	AcpiReserved=0000000000000000 HalReserved=0000000000000000	
00000053	952.62988281	int0D = FFFFF8000E25E0D0 KiGenericProtectionFault = FFFFF8000BD997C0 [1]	
00000054	952.62988281	>> G[0]=0000000000000000	
00000055	952.62988281	FFFFF80010034FC0[FFFFF8000B68EBC0 -> FFFFF80010034FE0]	
00000056	952.62988281	FFFFF80010034F80[FFFFF8000B620070 -> FFFFF80010034FA0]	
00000057	952.62988281	FFFFF80010034F40[FFFFF8000B668F10 -> FFFFF80010034F60]	
00000058	952.62988281	FFFFF80010034F00[FFFFF8000B6C0890 -> FFFFF80010034F20]	
00000059	952.66601563	++CModule<FFFFBF07DBC90000>(ntoskrnl.exe) FFFFF8000B406000	
00000060	952.66613770	ExIsSafeWorkItem = FFFFF8000B78A9E0	
00000061	952.66613770	SafeWorkItem = FFFFF8000B78B880	
00000062	1017.54449463	>GenericProtectionHandler FFFFF8000B7ADCCD/FFFFF8000B4D6BAC	
00000063	1017.54449463	FFFFF8000B7ADCC4> add rsp,28    ;1	
00000064	1017.54449463	exit from FFFFF8000B7ADCCD to FFFFF8000B7ADD02	
00000065	1017.54461670	>GenericProtectionHandler FFFFF8000B905277/FFFFF8000B4E9590	
00000066	1017.54461670	FFFFF8000B9051EC> mov rdi,[rsp + 1f8]    ;1	
00000067	1017.54461670	FFFFF8000B9051EC> mov rsi,[rsp + 1f0]    ;1	
00000068	1017.54461670	FFFFF8000B9051EC> mov rbx,[rsp + 1e0]    ;1	
00000069	1017.54461670	FFFFF8000B9051EC> add rsp,1d0    ;1	
00000070	1017.54461670	FFFFF8000B9051E5> pop r14    ;1	
00000071	1017.54461670	exit from FFFFF8000B905277 to FFFFF8000B667A02	
00000072	1036.68591309	>GenericProtectionHandler FFFFF8000B7ADFCD/FFFFF8000B4D6C3C	
00000073	1036.68591309	FFFFF8000B7ADFC4> add rsp,28    ;1	
00000074	1036.68591309	exit from FFFFF8000B7ADFCD to FFFFF8000B7ADF0D	
00000075	1036.68591309	>GenericProtectionHandler FFFFF8000B7ADF0D/FFFFF8000B4D6C18	
00000076	1036.68591309	FFFFF8000B7ADF04> add rsp,28    ;1	
00000077	1036.68591309	exit from FFFFF8000B7ADF0D to FFFFF8000B7ADF42	
00000078	1036.68591309	>GenericProtectionHandler FFFFF8000B8105AD/FFFFF8000B4DC1D4	
00000079	1036.68591309	FFFFF8000B6E145C> mov rdi,[rsp + 188]    ;1	
00000080	1036.68603516	FFFFF8000B6E145C> mov rsi,[rsp + 180]    ;1	
00000081	1036.68603516	FFFFF8000B6E145C> mov rbx,[rsp + 170]    ;1	
00000082	1036.68603516	FFFFF8000B6E145C> add rsp,160    ;1	
00000083	1036.68603516	FFFFF8000B6E1455> pop r14    ;1	
00000084	1036.68603516	exit from FFFFF8000B8105AD to FFFFF8000B667A02	
00000085	1114.06420898	DriverUnload	
00000086	1114.06420898	G[0]=000000000000000F	
00000087	1114.06433105	>> G[3][0.3] 0000000000000008/0000000000000008	
00000088	1114.06433105	Pcr = FFFFD20159B80000(FFFFD20159B80180)	
00000089	1114.06433105	AcpiReserved=0000000000000000 HalReserved=0000000000000000	
00000090	1114.06433105	int0D = FFFFD20159B8D0D0 KiGenericProtectionFault = FFFFF80010038080 [0]	
00000091	1114.06433105	>> G[2][0.2] 0000000000000004/0000000000000004	
00000092	1114.06433105	Pcr = FFFFD20159B00000(FFFFD20159B00180)	
00000093	1114.06433105	AcpiReserved=0000000000000000 HalReserved=0000000000000000	
00000094	1114.06433105	int0D = FFFFD20159B0D0D0 KiGenericProtectionFault = FFFFF80010038080 [0]	
00000095	1114.06433105	>> G[1][0.1] 0000000000000002/0000000000000002	
00000096	1114.06433105	Pcr = FFFFD20159DE4000(FFFFD20159DE4180)	
00000097	1114.06433105	AcpiReserved=0000000000000000 HalReserved=0000000000000000	
00000098	1114.06433105	int0D = FFFFD20159DF10D0 KiGenericProtectionFault = FFFFF80010038080 [0]	
00000099	1114.06433105	>> G[0][0.0] 0000000000000001/0000000000000001	
00000100	1114.06433105	Pcr = FFFFF8000A266000(FFFFF8000A266180)	
00000101	1114.06433105	AcpiReserved=0000000000000000 HalReserved=0000000000000000	
00000102	1114.06445313	int0D = FFFFF8000E25E0D0 KiGenericProtectionFault = FFFFF80010038080 [0]	
00000103	1114.06445313	>> G[0]=0000000000000000	
