00000001	0.00000000	ep(FFFFC8080DB3BB20, \REGISTRY\MACHINE\SYSTEM\ControlSet001\Services\CancelGuard.dll)	
00000002	0.00000200	KiGenericProtectionFault = FFFFF8072D9997C0	
00000003	0.00003980	ntos=FFFFF8072D006000 1043000 [0]	
00000004	0.00004060	single range !	
00000005	0.00004240	NT::Z_DETOUR_REGION::Z_DETOUR_REGION<FFFFF80731AEB0B8>(FFFFF80731AE1000, 100)	
00000006	0.00004390	InitRegions = 0	
00000007	0.00004600	mdl: 4 FFFFF80731AE9000	
00000008	0.00007470	TrInit = 0	
00000009	0.00007620	G[0]=000000000000000F	
00000010	0.00009500	>> G[3][0.3] 0000000000000008/0000000000000008	
00000011	0.00009700	Pcr = FFFFA0006FB80000(FFFFA0006FB80180)	
00000012	0.00009840	AcpiReserved=0000000000000000 HalReserved=0000000000000000	
00000013	0.00010000	int0D = FFFFA0006FB8D0D0 KiGenericProtectionFault = FFFFF8072D9997C0 [1]	
00000014	0.00013710	>> G[2][0.2] 0000000000000004/0000000000000004	
00000015	0.00013920	Pcr = FFFFA0006FB00000(FFFFA0006FB00180)	
00000016	0.00014050	AcpiReserved=0000000000000000 HalReserved=0000000000000000	
00000017	0.00014200	int0D = FFFFA0006FB0D0D0 KiGenericProtectionFault = FFFFF8072D9997C0 [1]	
00000018	0.00017360	>> G[1][0.1] 0000000000000002/0000000000000002	
00000019	0.00017560	Pcr = FFFFA0006FDE4000(FFFFA0006FDE4180)	
00000020	0.00017710	AcpiReserved=0000000000000000 HalReserved=0000000000000000	
00000021	0.00017860	int0D = FFFFA0006FDF10D0 KiGenericProtectionFault = FFFFF8072D9997C0 [1]	
00000022	0.00020020	>> G[0][0.0] 0000000000000001/0000000000000001	
00000023	0.00020180	Pcr = FFFFF8072BD4A000(FFFFF8072BD4A180)	
00000024	0.00020310	AcpiReserved=0000000000000000 HalReserved=0000000000000000	
00000025	0.00020450	int0D = FFFFF8072FE5E0D0 KiGenericProtectionFault = FFFFF8072D9997C0 [1]	
00000026	0.00020650	>> G[0]=0000000000000000	
00000027	0.00021020	FFFFF80731AE4FC0[FFFFF8072D28EBC0 -> FFFFF80731AE4FE0]	
00000028	0.00021210	FFFFF80731AE4F80[FFFFF8072D220070 -> FFFFF80731AE4FA0]	
00000029	0.00021410	FFFFF80731AE4F40[FFFFF8072D268F10 -> FFFFF80731AE4F60]	
00000030	0.00021590	FFFFF80731AE4F00[FFFFF8072D2C0890 -> FFFFF80731AE4F20]	
00000031	0.04047990	++CModule<FFFFC80809CD0000>(ntoskrnl.exe) FFFFF8072D006000	
00000032	0.04055710	ExIsSafeWorkItem = FFFFF8072D38A9E0	
00000033	0.04055850	SafeWorkItem = FFFFF8072D38B880	
00000034	103.37817383	>GenericProtectionHandler FFFFF8072D3ADF0D/FFFFF8072D0D6C18	
00000035	103.37818909	FFFFF8072D3ADF04> add rsp,28    ;1	
00000036	103.37819672	exit from FFFFF8072D3ADF0D to FFFFF8072D3ADE4D	
00000037	103.37820435	>GenericProtectionHandler FFFFF8072D3ADE4D/FFFFF8072D0D6BF4	
00000038	103.37821198	FFFFF8072D3ADE44> add rsp,28    ;1	
00000039	103.37821960	exit from FFFFF8072D3ADE4D to FFFFF8072D3ADD8D	
00000040	103.37822723	>GenericProtectionHandler FFFFF8072D3ADD8D/FFFFF8072D0D6BD0	
00000041	103.37823486	FFFFF8072D3ADD84> add rsp,28    ;1	
00000042	103.37824249	exit from FFFFF8072D3ADD8D to FFFFF8072D3ADDC2	
00000043	103.37825012	>GenericProtectionHandler FFFFF8072D31FA41/FFFFF8072D0CDEF4	
00000044	103.37825775	FFFFF8072D31F97C> mov rdi,[rsp + 1f8]    ;1	
00000045	103.37826538	FFFFF8072D31F97C> mov rsi,[rsp + 1f0]    ;1	
00000046	103.37827301	FFFFF8072D31F97C> mov rbx,[rsp + 1e0]    ;1	
00000047	103.37827301	FFFFF8072D31F97C> add rsp,1d0    ;1	
00000048	103.37828064	FFFFF8072D31F975> pop r14    ;1	
00000049	103.37828827	exit from FFFFF8072D31FA41 to FFFFF8072D267A02	
00000050	105.01075745	1314375000 - STORMINI: StorAHCI - LPM: Port 00 - Port Stopped	
00000051	105.01077271	1314375000 - STORMINI: StorAHCI - LPM: Port 00 - Port Started	
00000052	105.01097870	1314375000 - STORMINI: StorAHCI - LPM: Port 00 - Port Stopped	
00000053	105.01098633	1314375000 - STORMINI: StorAHCI - LPM: Port 00 - Port Started	
00000054	105.01368713	1314375000 - STORMINI: StorAHCI - LPM: Port 00 - Port Stopped	
00000055	105.01370239	1314375000 - STORMINI: StorAHCI - LPM: Port 00 - Port Started	
00000056	105.01388550	1314375000 - STORMINI: StorAHCI - LPM: Port 00 - Port Stopped	
00000057	105.01390076	1314375000 - STORMINI: StorAHCI - LPM: Port 00 - Port Started	
00000058	267.06576538	DriverUnload	
00000059	267.06579590	G[0]=000000000000000F	
00000060	267.06585693	>> G[3][0.3] 0000000000000008/0000000000000008	
00000061	267.06585693	Pcr = FFFFA0006FB80000(FFFFA0006FB80180)	
00000062	267.06585693	AcpiReserved=0000000000000000 HalReserved=0000000000000000	
00000063	267.06585693	int0D = FFFFA0006FB8D0D0 KiGenericProtectionFault = FFFFF80731AE8080 [0]	
00000064	267.06777954	>> G[2][0.2] 0000000000000004/0000000000000004	
00000065	267.06777954	Pcr = FFFFA0006FB00000(FFFFA0006FB00180)	
00000066	267.06777954	AcpiReserved=0000000000000000 HalReserved=0000000000000000	
00000067	267.06781006	int0D = FFFFA0006FB0D0D0 KiGenericProtectionFault = FFFFF80731AE8080 [0]	
00000068	267.06781006	>> G[1][0.1] 0000000000000002/0000000000000002	
00000069	267.06781006	Pcr = FFFFA0006FDE4000(FFFFA0006FDE4180)	
00000070	267.06781006	AcpiReserved=0000000000000000 HalReserved=0000000000000000	
00000071	267.06781006	int0D = FFFFA0006FDF10D0 KiGenericProtectionFault = FFFFF80731AE8080 [0]	
00000072	267.06799316	>> G[0][0.0] 0000000000000001/0000000000000001	
00000073	267.06799316	Pcr = FFFFF8072BD4A000(FFFFF8072BD4A180)	
00000074	267.06799316	AcpiReserved=0000000000000000 HalReserved=0000000000000000	
00000075	267.06799316	int0D = FFFFF8072FE5E0D0 KiGenericProtectionFault = FFFFF80731AE8080 [0]	
00000076	267.06799316	>> G[0]=0000000000000000	
