00000001	0.00000000	ep(FFFFC981BB208DA0, \REGISTRY\MACHINE\SYSTEM\ControlSet001\Services\CancelGuard.dll)	
00000002	0.00000220	KiGenericProtectionFault = FFFFF806631AC7C0	
00000003	0.00004480	ntos=FFFFF80662819000 1043000 [0]	
00000004	0.00004560	single range !	
00000005	0.00004740	NT::Z_DETOUR_REGION::Z_DETOUR_REGION<FFFFF8066767B0B8>(FFFFF80667671000, 100)	
00000006	0.00004890	InitRegions = 0	
00000007	0.00005100	mdl: 4 FFFFF80667679000	
00000008	0.00010090	TrInit = 0	
00000009	0.00010230	G[0]=000000000000000F	
00000010	0.00012310	>> G[3][0.3] 0000000000000008/0000000000000008	
00000011	0.00012520	Pcr = FFFF8401BE780000(FFFF8401BE780180)	
00000012	0.00012660	AcpiReserved=0000000000000000 HalReserved=0000000000000000	
00000013	0.00012820	int0D = FFFF8401BE78D0D0 KiGenericProtectionFault = FFFFF806631AC7C0 [1]	
00000014	0.00019910	>> G[2][0.2] 0000000000000004/0000000000000004	
00000015	0.00020110	Pcr = FFFF8401BE700000(FFFF8401BE700180)	
00000016	0.00020240	AcpiReserved=0000000000000000 HalReserved=0000000000000000	
00000017	0.00020400	int0D = FFFF8401BE70D0D0 KiGenericProtectionFault = FFFFF806631AC7C0 [1]	
00000018	0.00025500	>> G[1][0.1] 0000000000000002/0000000000000002	
00000019	0.00025710	Pcr = FFFF8401BE9E4000(FFFF8401BE9E4180)	
00000020	0.00025850	AcpiReserved=0000000000000000 HalReserved=0000000000000000	
00000021	0.00026000	int0D = FFFF8401BE9F10D0 KiGenericProtectionFault = FFFFF806631AC7C0 [1]	
00000022	0.00029430	>> G[0][0.0] 0000000000000001/0000000000000001	
00000023	0.00029620	Pcr = FFFFF80661688000(FFFFF80661688180)	
00000024	0.00029770	AcpiReserved=FFFFC981B5B43C9F HalReserved=0000000000000000	
00000025	0.00029920	int0D = FFFFF8066565E0D0 KiGenericProtectionFault = FFFFF806631AC7C0 [1]	
00000026	0.00030170	>> G[0]=0000000000000000	
00000027	0.00030560	FFFFF80667674FC0[FFFFF80662AA1BC0 -> FFFFF80667674FE0]	
00000028	0.00030760	FFFFF80667674F80[FFFFF80662A33070 -> FFFFF80667674FA0]	
00000029	0.00030960	FFFFF80667674F40[FFFFF80662A7BF10 -> FFFFF80667674F60]	
00000030	0.00031150	FFFFF80667674F00[FFFFF80662AD3890 -> FFFFF80667674F20]	
00000031	0.04345320	++CModule<FFFFC981B6D90000>(ntoskrnl.exe) FFFFF80662819000	
00000032	0.04350540	ExIsSafeWorkItem = FFFFF80662B9D9E0	
00000033	0.04350670	SafeWorkItem = FFFFF80662B9E880	
00000034	100.05081177	>GenericProtectionHandler FFFFF80662BC0C0D/FFFFF806628E9B88	
00000035	100.05082703	FFFFF80662BC0C04> add rsp,28    ;1	
00000036	100.05083466	exit from FFFFF80662BC0C0D to FFFFF80662BC090D	
00000037	100.05084991	>GenericProtectionHandler FFFFF80662BC090D/FFFFF806628E9AF8	
00000038	100.05085754	FFFFF80662BC0904> add rsp,28    ;1	
00000039	100.05085754	exit from FFFFF80662BC090D to FFFFF80662BC0942	
00000040	100.05086517	>GenericProtectionHandler FFFFF80662A84713/FFFFF806628D8398	
00000041	100.05088043	FFFFF80662A846EE> mov rbx,[rsp + 30]    ;1	
00000042	100.05088043	FFFFF80662A846EE> add rsp,20    ;1	
00000043	100.05088806	FFFFF80662A846EA> pop rdi    ;1	
00000044	100.05089569	exit from FFFFF80662A84713 to FFFFF80662AF4276	
00000045	100.05090332	>GenericProtectionHandler FFFFF80662A98C79/FFFFF806628D8E00	
00000046	100.05091095	FFFFF80662A98C79> add rsp,48    ;1	
00000047	100.05091858	FFFFF80662A98C75> pop r15    ;1	
00000048	100.05091858	FFFFF80662A98C73> pop r14    ;1	
00000049	100.05092621	FFFFF80662A98C71> pop r13    ;1	
00000050	100.05093384	FFFFF80662A98C6F> pop r12    ;1	
00000051	100.05093384	FFFFF80662A98C6D> pop rdi    ;1	
00000052	100.05093384	FFFFF80662A98C6C> pop rsi    ;1	
00000053	100.05094147	FFFFF80662A98C6B> pop rbp    ;1	
00000054	100.05094910	FFFFF80662A98C6A> pop rbx    ;1	
00000055	100.05095673	exit from FFFFF80662A98C79 to FFFFF80662AF4295	
00000056	100.05096436	>GenericProtectionHandler FFFFF80662A846B9/FFFFF806628D838C	
00000057	100.05097198	FFFFF80662A846AC> add rsp,28    ;1	
00000058	100.05097961	exit from FFFFF80662A846B9 to FFFFF80662AF429D	
00000059	103.56150818	1319687500 - STORMINI: StorAHCI - LPM: Port 00 - Port Stopped	
00000060	103.56152344	1319687500 - STORMINI: StorAHCI - LPM: Port 00 - Port Started	
00000061	103.56171417	1319687500 - STORMINI: StorAHCI - LPM: Port 00 - Port Stopped	
00000062	103.56172180	1319687500 - STORMINI: StorAHCI - LPM: Port 00 - Port Started	
00000063	103.56446838	1319687500 - STORMINI: StorAHCI - LPM: Port 00 - Port Stopped	
00000064	103.56448364	1319687500 - STORMINI: StorAHCI - LPM: Port 00 - Port Started	
00000065	103.56463623	1319687500 - STORMINI: StorAHCI - LPM: Port 00 - Port Stopped	
00000066	103.56464386	1319687500 - STORMINI: StorAHCI - LPM: Port 00 - Port Started	
00000067	283.08047485	DriverUnload	
00000068	283.08047485	G[0]=000000000000000F	
00000069	283.08050537	>> G[3][0.3] 0000000000000008/0000000000000008	
00000070	283.08050537	Pcr = FFFF8401BE780000(FFFF8401BE780180)	
00000071	283.08050537	AcpiReserved=0000000000000000 HalReserved=0000000000000000	
00000072	283.08050537	int0D = FFFF8401BE78D0D0 KiGenericProtectionFault = FFFFF80667678080 [0]	
00000073	283.08053589	>> G[2][0.2] 0000000000000004/0000000000000004	
00000074	283.08053589	Pcr = FFFF8401BE700000(FFFF8401BE700180)	
00000075	283.08053589	AcpiReserved=0000000000000000 HalReserved=0000000000000000	
00000076	283.08053589	int0D = FFFF8401BE70D0D0 KiGenericProtectionFault = FFFFF80667678080 [0]	
00000077	283.08142090	>> G[1][0.1] 0000000000000002/0000000000000002	
00000078	283.08142090	Pcr = FFFF8401BE9E4000(FFFF8401BE9E4180)	
00000079	283.08142090	AcpiReserved=0000000000000000 HalReserved=0000000000000000	
00000080	283.08142090	int0D = FFFF8401BE9F10D0 KiGenericProtectionFault = FFFFF80667678080 [0]	
00000081	283.08178711	>> G[0][0.0] 0000000000000001/0000000000000001	
00000082	283.08178711	Pcr = FFFFF80661688000(FFFFF80661688180)	
00000083	283.08178711	AcpiReserved=0000000000000000 HalReserved=0000000000000000	
00000084	283.08178711	int0D = FFFFF8066565E0D0 KiGenericProtectionFault = FFFFF80667678080 [0]	
00000085	283.08178711	>> G[0]=0000000000000000	
