00000001	0.00000000	ep(FFFFC6893256EDF0, \REGISTRY\MACHINE\SYSTEM\ControlSet001\Services\CancelGuard.dll)	
00000002	0.00000210	KiGenericProtectionFault = FFFFF802347AD7C0	
00000003	0.00003800	ntos=FFFFF80233E1A000 1043000 [0]	
00000004	0.00003890	single range !	
00000005	0.00004070	NT::Z_DETOUR_REGION::Z_DETOUR_REGION<FFFFF8023326B0B8>(FFFFF80233261000, 100)	
00000006	0.00004230	InitRegions = 0	
00000007	0.00004450	mdl: 4 FFFFF80233269000	
00000008	0.00007330	TrInit = 0	
00000009	0.00007480	G[0]=000000000000000F	
00000010	0.00009440	>> G[3][0.3] 0000000000000008/0000000000000008	
00000011	0.00009650	Pcr = FFFF9681E8380000(FFFF9681E8380180)	
00000012	0.00009780	AcpiReserved=0000000000000000 HalReserved=0000000000000000	
00000013	0.00009960	int0D = FFFF9681E838D0D0 KiGenericProtectionFault = FFFFF802347AD7C0 [1]	
00000014	0.00013350	>> G[2][0.2] 0000000000000004/0000000000000004	
00000015	0.00013550	Pcr = FFFF9681E8300000(FFFF9681E8300180)	
00000016	0.00013690	AcpiReserved=0000000000000000 HalReserved=0000000000000000	
00000017	0.00013850	int0D = FFFF9681E830D0D0 KiGenericProtectionFault = FFFFF802347AD7C0 [1]	
00000018	0.00015870	>> G[1][0.1] 0000000000000002/0000000000000002	
00000019	0.00016070	Pcr = FFFF9681E85E4000(FFFF9681E85E4180)	
00000020	0.00016200	AcpiReserved=0000000000000000 HalReserved=0000000000000000	
00000021	0.00016360	int0D = FFFF9681E85F10D0 KiGenericProtectionFault = FFFFF802347AD7C0 [1]	
00000022	0.00021350	>> G[0][0.0] 0000000000000001/0000000000000001	
00000023	0.00021510	Pcr = FFFFF80232BE2000(FFFFF80232BE2180)	
00000024	0.00021640	AcpiReserved=0000000000000000 HalReserved=0000000000000000	
00000025	0.00021790	int0D = FFFFF80236C5E0D0 KiGenericProtectionFault = FFFFF802347AD7C0 [1]	
00000026	0.00023310	>> G[0]=0000000000000000	
00000027	0.00023680	FFFFF80233264FC0[FFFFF802340A2BC0 -> FFFFF80233264FE0]	
00000028	0.00023870	FFFFF80233264F80[FFFFF80234034070 -> FFFFF80233264FA0]	
00000029	0.00024070	FFFFF80233264F40[FFFFF8023407CF10 -> FFFFF80233264F60]	
00000030	0.00024260	FFFFF80233264F00[FFFFF802340D4890 -> FFFFF80233264F20]	
00000031	0.03955380	++CModule<FFFFC6892DCD0000>(ntoskrnl.exe) FFFFF80233E1A000	
00000032	0.03960490	ExIsSafeWorkItem = FFFFF8023419E9E0	
00000033	0.03960620	SafeWorkItem = FFFFF8023419F880	
00000034	74.03614807	>GenericProtectionHandler FFFFF802341C1B4D/FFFFF80233EEAB64	
00000035	74.03616333	FFFFF802341C1B44> add rsp,28    ;1	
00000036	74.03616333	exit from FFFFF802341C1B4D to FFFFF802341C1A8D	
00000037	74.03617096	>GenericProtectionHandler FFFFF802341C1A8D/FFFFF80233EEAB40	
00000038	74.03617859	FFFFF802341C1A84> add rsp,28    ;1	
00000039	74.03618622	exit from FFFFF802341C1A8D to FFFFF802341C1AC2	
00000040	74.03620148	>GenericProtectionHandler FFFFF802342AFD32/FFFFF80233EF90B4	
00000041	74.03620148	FFFFF802342AFC6A> mov rsi,[rsp + 218]    ;1	
00000042	74.03620911	FFFFF802342AFC6A> mov rbx,[rsp + 210]    ;1	
00000043	74.03621674	FFFFF802342AFC6A> add rsp,1d0    ;1	
00000044	74.03622437	FFFFF802342AFC63> pop r15    ;1	
00000045	74.03622437	FFFFF802342AFC61> pop r14    ;1	
00000046	74.03623199	FFFFF802342AFC5F> pop r13    ;1	
00000047	74.03623962	FFFFF802342AFC5D> pop r12    ;1	
00000048	74.03623962	FFFFF802342AFC5B> pop rdi    ;1	
00000049	74.03624725	exit from FFFFF802342AFD32 to FFFFF8023407BA02	
00000050	89.35834503	1377187500 - STORMINI: StorAHCI - LPM: Port 00 - Port Stopped	
00000051	89.35836029	1377187500 - STORMINI: StorAHCI - LPM: Port 00 - Port Started	
00000052	89.35854340	1377187500 - STORMINI: StorAHCI - LPM: Port 00 - Port Stopped	
00000053	89.35855865	1377187500 - STORMINI: StorAHCI - LPM: Port 00 - Port Started	
00000054	89.36164093	1377187500 - STORMINI: StorAHCI - LPM: Port 00 - Port Stopped	
00000055	89.36164856	1377187500 - STORMINI: StorAHCI - LPM: Port 00 - Port Started	
00000056	89.36186218	1377187500 - STORMINI: StorAHCI - LPM: Port 00 - Port Stopped	
00000057	89.36186981	1377187500 - STORMINI: StorAHCI - LPM: Port 00 - Port Started	
00000058	217.43733215	DriverUnload	
00000059	217.43733215	G[0]=000000000000000F	
00000060	217.43739319	>> G[3][0.3] 0000000000000008/0000000000000008	
00000061	217.43739319	Pcr = FFFF9681E8380000(FFFF9681E8380180)	
00000062	217.43739319	AcpiReserved=0000000000000000 HalReserved=0000000000000000	
00000063	217.43739319	int0D = FFFF9681E838D0D0 KiGenericProtectionFault = FFFFF80233268080 [0]	
00000064	217.43746948	>> G[2][0.2] 0000000000000004/0000000000000004	
00000065	217.43746948	Pcr = FFFF9681E8300000(FFFF9681E8300180)	
00000066	217.43746948	AcpiReserved=0000000000000000 HalReserved=0000000000000000	
00000067	217.43746948	int0D = FFFF9681E830D0D0 KiGenericProtectionFault = FFFFF80233268080 [0]	
00000068	217.43751526	>> G[1][0.1] 0000000000000002/0000000000000002	
00000069	217.43751526	Pcr = FFFF9681E85E4000(FFFF9681E85E4180)	
00000070	217.43751526	AcpiReserved=0000000000000000 HalReserved=0000000000000000	
00000071	217.43751526	int0D = FFFF9681E85F10D0 KiGenericProtectionFault = FFFFF80233268080 [0]	
00000072	217.43762207	>> G[0][0.0] 0000000000000001/0000000000000001	
00000073	217.43762207	Pcr = FFFFF80232BE2000(FFFFF80232BE2180)	
00000074	217.43762207	AcpiReserved=0000000000000000 HalReserved=0000000000000000	
00000075	217.43762207	int0D = FFFFF80236C5E0D0 KiGenericProtectionFault = FFFFF80233268080 [0]	
00000076	217.43762207	>> G[0]=0000000000000000	
