00000001	0.00000000	ep(FFFF848F3223F380, \REGISTRY\MACHINE\SYSTEM\ControlSet001\Services\CancelGuard.dll)	
00000002	0.00000210	KiGenericProtectionFault = FFFFF8010D99A7C0	
00000003	0.00004460	ntos=FFFFF8010D007000 1043000 [0]	
00000004	0.00004530	single range !	
00000005	0.00004720	NT::Z_DETOUR_REGION::Z_DETOUR_REGION<FFFFF80111CAB0B8>(FFFFF80111CA1000, 100)	
00000006	0.00004880	InitRegions = 0	
00000007	0.00005070	mdl: 4 FFFFF80111CA9000	
00000008	0.00007950	TrInit = 0	
00000009	0.00008100	G[0]=000000000000000F	
00000010	0.00010050	>> G[3][0.3] 0000000000000008/0000000000000008	
00000011	0.00010240	Pcr = FFFFAE01EF180000(FFFFAE01EF180180)	
00000012	0.00010380	AcpiReserved=0000000000000000 HalReserved=0000000000000000	
00000013	0.00010540	int0D = FFFFAE01EF18D0D0 KiGenericProtectionFault = FFFFF8010D99A7C0 [1]	
00000014	0.00018400	>> G[2][0.2] 0000000000000004/0000000000000004	
00000015	0.00018590	Pcr = FFFFAE01EF100000(FFFFAE01EF100180)	
00000016	0.00018730	AcpiReserved=0000000000000000 HalReserved=0000000000000000	
00000017	0.00018930	int0D = FFFFAE01EF10D0D0 KiGenericProtectionFault = FFFFF8010D99A7C0 [1]	
00000018	0.00021100	>> G[1][0.1] 0000000000000002/0000000000000002	
00000019	0.00021300	Pcr = FFFFAE01EF3E4000(FFFFAE01EF3E4180)	
00000020	0.00021430	AcpiReserved=0000000000000000 HalReserved=0000000000000000	
00000021	0.00021600	int0D = FFFFAE01EF3F10D0 KiGenericProtectionFault = FFFFF8010D99A7C0 [1]	
00000022	0.00024990	>> G[0][0.0] 0000000000000001/0000000000000001	
00000023	0.00025180	Pcr = FFFFF8010BDDC000(FFFFF8010BDDC180)	
00000024	0.00025320	AcpiReserved=0000000000000000 HalReserved=0000000000000000	
00000025	0.00025480	int0D = FFFFF8010FE5E0D0 KiGenericProtectionFault = FFFFF8010D99A7C0 [1]	
00000026	0.00025700	>> G[0]=0000000000000000	
00000027	0.00026090	FFFFF80111CA4FC0[FFFFF8010D28FBC0 -> FFFFF80111CA4FE0]	
00000028	0.00026290	FFFFF80111CA4F80[FFFFF8010D221070 -> FFFFF80111CA4FA0]	
00000029	0.00026490	FFFFF80111CA4F40[FFFFF8010D269F10 -> FFFFF80111CA4F60]	
00000030	0.00026680	FFFFF80111CA4F00[FFFFF8010D2C1890 -> FFFFF80111CA4F20]	
00000031	0.03425590	++CModule<FFFF848F2DD90000>(ntoskrnl.exe) FFFFF8010D007000	
00000032	0.03431750	ExIsSafeWorkItem = FFFFF8010D38B9E0	
00000033	0.03431880	SafeWorkItem = FFFFF8010D38C880	
00000034	102.79643250	1314531250 - STORMINI: StorAHCI - LPM: Port 00 - Port Stopped	
00000035	102.79644012	1314531250 - STORMINI: StorAHCI - LPM: Port 00 - Port Started	
00000036	102.79663086	1314531250 - STORMINI: StorAHCI - LPM: Port 00 - Port Stopped	
00000037	102.79663086	1314531250 - STORMINI: StorAHCI - LPM: Port 00 - Port Started	
00000038	102.79922485	1314531250 - STORMINI: StorAHCI - LPM: Port 00 - Port Stopped	
00000039	102.79923248	1314531250 - STORMINI: StorAHCI - LPM: Port 00 - Port Started	
00000040	102.79939270	1314531250 - STORMINI: StorAHCI - LPM: Port 00 - Port Stopped	
00000041	102.79940796	1314531250 - STORMINI: StorAHCI - LPM: Port 00 - Port Started	
00000042	109.87740326	>GenericProtectionHandler FFFFF8010D3AECCD/FFFFF8010D0D7BAC	
00000043	109.87741089	FFFFF8010D3AECC4> add rsp,28    ;1	
00000044	109.87741089	exit from FFFFF8010D3AECCD to FFFFF8010D3AEB4D	
00000045	109.87742615	>GenericProtectionHandler FFFFF8010D3AEB4D/FFFFF8010D0D7B64	
00000046	109.87744141	FFFFF8010D3AEB44> add rsp,28    ;1	
00000047	109.87744141	exit from FFFFF8010D3AEB4D to FFFFF8010D3AEB82	
00000048	371.50302124	DriverUnload	
00000049	371.50302124	G[0]=000000000000000F	
00000050	371.50302124	>> G[3][0.3] 0000000000000008/0000000000000008	
00000051	371.50302124	Pcr = FFFFAE01EF180000(FFFFAE01EF180180)	
00000052	371.50302124	AcpiReserved=0000000000000000 HalReserved=0000000000000000	
00000053	371.50302124	int0D = FFFFAE01EF18D0D0 KiGenericProtectionFault = FFFFF80111CA8080 [0]	
00000054	371.50308228	>> G[2][0.2] 0000000000000004/0000000000000004	
00000055	371.50308228	Pcr = FFFFAE01EF100000(FFFFAE01EF100180)	
00000056	371.50308228	AcpiReserved=0000000000000000 HalReserved=0000000000000000	
00000057	371.50308228	int0D = FFFFAE01EF10D0D0 KiGenericProtectionFault = FFFFF80111CA8080 [0]	
00000058	371.50314331	>> G[1][0.1] 0000000000000002/0000000000000002	
00000059	371.50314331	Pcr = FFFFAE01EF3E4000(FFFFAE01EF3E4180)	
00000060	371.50314331	AcpiReserved=0000000000000000 HalReserved=0000000000000000	
00000061	371.50314331	int0D = FFFFAE01EF3F10D0 KiGenericProtectionFault = FFFFF80111CA8080 [0]	
00000062	371.50317383	>> G[0][0.0] 0000000000000001/0000000000000001	
00000063	371.50317383	Pcr = FFFFF8010BDDC000(FFFFF8010BDDC180)	
00000064	371.50317383	AcpiReserved=0000000000000000 HalReserved=0000000000000000	
00000065	371.50317383	int0D = FFFFF8010FE5E0D0 KiGenericProtectionFault = FFFFF80111CA8080 [0]	
00000066	371.50317383	>> G[0]=0000000000000000	
