00000001	0.00000000	ep(FFFF8D8B1EAB9AB0, \REGISTRY\MACHINE\SYSTEM\ControlSet001\Services\CancelGuard.dll)	
00000002	0.00000210	KiGenericProtectionFault = FFFFF802071A47C0	
00000003	0.00003870	ntos=FFFFF80206811000 1043000 [0]	
00000004	0.00003950	single range !	
00000005	0.00004140	NT::Z_DETOUR_REGION::Z_DETOUR_REGION<FFFFF8020B35B0B8>(FFFFF8020B351000, 100)	
00000006	0.00004320	InitRegions = 0	
00000007	0.00004500	mdl: 4 FFFFF8020B359000	
00000008	0.00007660	TrInit = 0	
00000009	0.00007800	G[0]=000000000000000F	
00000010	0.00009180	>> G[3][0.3] 0000000000000008/0000000000000008	
00000011	0.00009380	Pcr = FFFFDE01AB980000(FFFFDE01AB980180)	
00000012	0.00009520	AcpiReserved=0000000000000000 HalReserved=0000000000000000	
00000013	0.00009690	int0D = FFFFDE01AB98D0D0 KiGenericProtectionFault = FFFFF802071A47C0 [1]	
00000014	0.00017280	>> G[2][0.2] 0000000000000004/0000000000000004	
00000015	0.00017480	Pcr = FFFFDE01AB900000(FFFFDE01AB900180)	
00000016	0.00017620	AcpiReserved=0000000000000000 HalReserved=0000000000000000	
00000017	0.00017790	int0D = FFFFDE01AB90D0D0 KiGenericProtectionFault = FFFFF802071A47C0 [1]	
00000018	0.00021210	>> G[1][0.1] 0000000000000002/0000000000000002	
00000019	0.00021410	Pcr = FFFFDE01ABBE4000(FFFFDE01ABBE4180)	
00000020	0.00021560	AcpiReserved=0000000000000000 HalReserved=0000000000000000	
00000021	0.00021720	int0D = FFFFDE01ABBF10D0 KiGenericProtectionFault = FFFFF802071A47C0 [1]	
00000022	0.00023910	>> G[0][0.0] 0000000000000001/0000000000000001	
00000023	0.00024110	Pcr = FFFFF802056DE000(FFFFF802056DE180)	
00000024	0.00024260	AcpiReserved=0000000000000000 HalReserved=FFFF8D8B1928FB18	
00000025	0.00024420	int0D = FFFFF8020965E0D0 KiGenericProtectionFault = FFFFF802071A47C0 [1]	
00000026	0.00024650	>> G[0]=0000000000000000	
00000027	0.00025030	FFFFF8020B354FC0[FFFFF80206A99BC0 -> FFFFF8020B354FE0]	
00000028	0.00025230	FFFFF8020B354F80[FFFFF80206A2B070 -> FFFFF8020B354FA0]	
00000029	0.00025440	FFFFF8020B354F40[FFFFF80206A73F10 -> FFFFF8020B354F60]	
00000030	0.00025630	FFFFF8020B354F00[FFFFF80206ACB890 -> FFFFF8020B354F20]	
00000031	0.03880330	++CModule<FFFF8D8B1ACD0000>(ntoskrnl.exe) FFFFF80206811000	
00000032	0.03886790	ExIsSafeWorkItem = FFFFF80206B959E0	
00000033	0.03886920	SafeWorkItem = FFFFF80206B96880	
00000034	80.28593445	0000000000000080:FFFFDE01ABF15D67:FFFFDB0F85B0DE28>NT::hook_KeInsertQueueApc FFFFF80206AEC870 FFFFF80206B59840 0000000000000000	
00000035	80.28594208	!!! Sleep rsp=FFFFDB0F85B0DCE8	
00000036	80.28594208	rbx=FFFFDE01ABF15D67 rdi=FFFFF80206AEC870	
00000037	80.28594208	rsi=FFFFF8020B3593F8 rbp=FFFFDB0F85B0DD39	
00000038	80.28594208	r12=7010008004002001 r13=FFFFDE01ABF0014F	
00000039	80.28594208	r14=FFFFDE01ABF00A47 r15=0000000000000001	
