00000001	0.00000000	ep(FFFFD18C50676910, \REGISTRY\MACHINE\SYSTEM\ControlSet001\Services\CancelGuard.dll)	
00000002	0.00000200	KiGenericProtectionFault = FFFFF804495957C0	
00000003	0.00003680	ntos=FFFFF80448C02000 1043000 [0]	
00000004	0.00003760	single range !	
00000005	0.00003940	NT::Z_DETOUR_REGION::Z_DETOUR_REGION<FFFFF8044D7990A8>(FFFFF8044D791000, 100)	
00000006	0.00004090	InitRegions = 0	
00000007	0.00004290	mdl: 4 FFFFF8044D798000	
00000008	0.00007140	TrInit = 0	
00000009	0.00007320	G[0]=000000000000000F	
00000010	0.00009220	>> G[3][0.3] 0000000000000008/0000000000000008	
00000011	0.00009490	Pcr = FFFFE48007D80000(FFFFE48007D80180)	
00000012	0.00009520	AcpiReserved=0000000000000000 HalReserved=0000000000000000	
00000013	0.00009680	int0D = FFFFE48007D8D0D0 KiGenericProtectionFault = FFFFF804495957C0 [1]	
00000014	0.00013100	>> G[2][0.2] 0000000000000004/0000000000000004	
00000015	0.00013360	Pcr = FFFFE48007D00000(FFFFE48007D00180)	
00000016	0.00013400	AcpiReserved=0000000000000000 HalReserved=0000000000000000	
00000017	0.00013550	int0D = FFFFE48007D0D0D0 KiGenericProtectionFault = FFFFF804495957C0 [1]	
00000018	0.00017670	>> G[1][0.1] 0000000000000002/0000000000000002	
00000019	0.00017880	Pcr = FFFFE48007FE4000(FFFFE48007FE4180)	
00000020	0.00017910	AcpiReserved=0000000000000000 HalReserved=0000000000000000	
00000021	0.00018060	int0D = FFFFE48007FF10D0 KiGenericProtectionFault = FFFFF804495957C0 [1]	
00000022	0.00020080	>> G[0][0.0] 0000000000000001/0000000000000001	
00000023	0.00020350	Pcr = FFFFF80447944000(FFFFF80447944180)	
00000024	0.00020380	AcpiReserved=FFFFD18C4ED48C70 HalReserved=0000000000000000	
00000025	0.00020660	0000000000000C24:0000000000000000:0000000000000000>NT::checkDpc(dpc=FFFFD18C4ED48C70 ctx=DBFE008E3CF2CAC7 f=FFFFF804491011D0)	
00000026	0.00020830	int0D = FFFFF8044BA5E0D0 KiGenericProtectionFault = FFFFF804495957C0 [1]	
00000027	0.00021070	>> G[0]=0000000000000000	
00000028	0.00021480	FFFFF8044D794FC0[FFFFF80448E8ABC0 -> FFFFF8044D794FE0]	
00000029	0.00021680	FFFFF8044D794F80[FFFFF80448E1C070 -> FFFFF8044D794FA0]	
00000030	0.00021890	FFFFF8044D794F40[FFFFF80448E64F10 -> FFFFF8044D794F60]	
00000031	0.00023350	FFFFF8044D794F00[FFFFF80448EBC890 -> FFFFF8044D794F20]	
00000032	85.55120087	>GenericProtectionHandler FFFFF80448FA9C0D/FFFFF80448CD2B88	
00000033	85.55121613	FFFFF80448FA9C04> add rsp,28    ;1	
00000034	85.55122375	exit from FFFFF80448FA9C0D to FFFFF80448FA990D	
00000035	85.55123901	>GenericProtectionHandler FFFFF80448FA990D/FFFFF80448CD2AF8	
00000036	85.55124664	FFFFF80448FA9904> add rsp,28    ;1	
00000037	85.55125427	exit from FFFFF80448FA990D to FFFFF80448FA99CD	
00000038	85.55126953	>GenericProtectionHandler FFFFF80448FA99CD/FFFFF80448CD2B1C	
00000039	85.55127716	FFFFF80448FA99C4> add rsp,28    ;1	
00000040	85.55128479	exit from FFFFF80448FA99CD to FFFFF80448FA9CCD	
00000041	85.55129242	>GenericProtectionHandler FFFFF80448FA9CCD/FFFFF80448CD2BAC	
00000042	85.55130005	FFFFF80448FA9CC4> add rsp,28    ;1	
00000043	85.55130768	exit from FFFFF80448FA9CCD to FFFFF80448FA9D02	
00000044	85.55132294	>GenericProtectionHandler FFFFF80449101277/FFFFF80448CE5590	
00000045	85.55133820	FFFFF804491011EC> mov rdi,[rsp + 1f8]    ;1	
00000046	85.55133820	FFFFF804491011EC> mov rsi,[rsp + 1f0]    ;1	
00000047	85.55134583	FFFFF804491011EC> mov rbx,[rsp + 1e0]    ;1	
00000048	85.55136108	FFFFF804491011EC> add rsp,1d0    ;1	
00000049	85.55136871	FFFFF804491011E5> pop r14    ;1	
00000050	85.55137634	exit from FFFFF80449101277 to FFFFF80448E85327	
00000051	97.65793610	1323281250 - STORMINI: StorAHCI - LPM: Port 00 - Port Stopped	
00000052	97.65795898	1323281250 - STORMINI: StorAHCI - LPM: Port 00 - Port Started	
00000053	97.65816498	1323281250 - STORMINI: StorAHCI - LPM: Port 00 - Port Stopped	
00000054	97.65817261	1323281250 - STORMINI: StorAHCI - LPM: Port 00 - Port Started	
00000055	97.66079712	1323281250 - STORMINI: StorAHCI - LPM: Port 00 - Port Stopped	
00000056	97.66080475	1323281250 - STORMINI: StorAHCI - LPM: Port 00 - Port Started	
00000057	97.66103363	1323281250 - STORMINI: StorAHCI - LPM: Port 00 - Port Stopped	
00000058	97.66103363	1323281250 - STORMINI: StorAHCI - LPM: Port 00 - Port Started	
00000059	223.67768860	DriverUnload	
00000060	223.67771912	G[0]=000000000000000F	
00000061	223.67778015	>> G[3][0.3] 0000000000000008/0000000000000008	
00000062	223.67778015	Pcr = FFFFE48007D80000(FFFFE48007D80180)	
00000063	223.67778015	AcpiReserved=0000000000000000 HalReserved=0000000000000000	
00000064	223.67778015	int0D = FFFFE48007D8D0D0 KiGenericProtectionFault = FFFFF8044D796CB0 [0]	
00000065	223.67782593	>> G[2][0.2] 0000000000000004/0000000000000004	
00000066	223.67782593	Pcr = FFFFE48007D00000(FFFFE48007D00180)	
00000067	223.67782593	AcpiReserved=0000000000000000 HalReserved=0000000000000000	
00000068	223.67782593	int0D = FFFFE48007D0D0D0 KiGenericProtectionFault = FFFFF8044D796CB0 [0]	
00000069	223.67790222	>> G[1][0.1] 0000000000000002/0000000000000002	
00000070	223.67790222	Pcr = FFFFE48007FE4000(FFFFE48007FE4180)	
00000071	223.67790222	AcpiReserved=0000000000000000 HalReserved=0000000000000000	
00000072	223.67790222	int0D = FFFFE48007FF10D0 KiGenericProtectionFault = FFFFF8044D796CB0 [0]	
00000073	223.67794800	>> G[0][0.0] 0000000000000001/0000000000000001	
00000074	223.67797852	Pcr = FFFFF80447944000(FFFFF80447944180)	
00000075	223.67797852	AcpiReserved=0000000000000000 HalReserved=0000000000000000	
00000076	223.67797852	int0D = FFFFF8044BA5E0D0 KiGenericProtectionFault = FFFFF8044D796CB0 [0]	
00000077	223.67797852	>> G[0]=0000000000000000	
