00000001	0.00000000	ep(FFFFE60E9FC5EE30, \REGISTRY\MACHINE\SYSTEM\ControlSet001\Services\CancelGuard.dll)	
00000002	0.00000200	KiGenericProtectionFault = FFFFF8076619A7C0	
00000003	0.00003850	ntos=FFFFF80765807000 1043000 [0]	
00000004	0.00003930	single range !	
00000005	0.00004100	NT::Z_DETOUR_REGION::Z_DETOUR_REGION<FFFFF8076A4890C8>(FFFFF8076A481000, 100)	
00000006	0.00004270	InitRegions = 0	
00000007	0.00004450	mdl: 4 FFFFF8076A488000	
00000008	0.00009100	TrInit = 0	
00000009	0.00009240	G[0]=000000000000000F	
00000010	0.00010510	>> G[3][0.3] 0000000000000008/0000000000000008	
00000011	0.00010780	Pcr = FFFF9E8026580000(FFFF9E8026580180)	
00000012	0.00010810	AcpiReserved=0000000000000000 HalReserved=0000000000000000	
00000013	0.00010970	int0D = FFFF9E802658D0D0 KiGenericProtectionFault = FFFFF8076619A7C0 [1]	
00000014	0.00020080	>> G[2][0.2] 0000000000000004/0000000000000004	
00000015	0.00020330	Pcr = FFFF9E8026500000(FFFF9E8026500180)	
00000016	0.00020370	AcpiReserved=0000000000000000 HalReserved=0000000000000000	
00000017	0.00020530	int0D = FFFF9E802650D0D0 KiGenericProtectionFault = FFFFF8076619A7C0 [1]	
00000018	0.00022620	>> G[1][0.1] 0000000000000002/0000000000000002	
00000019	0.00022870	Pcr = FFFF9E80267E4000(FFFF9E80267E4180)	
00000020	0.00022910	AcpiReserved=0000000000000000 HalReserved=0000000000000000	
00000021	0.00023070	int0D = FFFF9E80267F10D0 KiGenericProtectionFault = FFFFF8076619A7C0 [1]	
00000022	0.00025180	>> G[0][0.0] 0000000000000001/0000000000000001	
00000023	0.00025460	Pcr = FFFFF807645BB000(FFFFF807645BB180)	
00000024	0.00025490	AcpiReserved=FFFFE60E9B87CBA3 HalReserved=0000000000000000	
00000025	0.00025780	0000000000001360:0000000000000000:0000000000000000>NT::checkDpc(dpc=FFFFE60E9B87CBA3 ctx=EEE70EC8CAFFDA05 f=FFFFF80765B51480)	
00000026	0.00025940	int0D = FFFFF8076865E0D0 KiGenericProtectionFault = FFFFF8076619A7C0 [1]	
00000027	0.00026170	>> G[0]=0000000000000000	
00000028	0.00026570	FFFFF8076A484FC0[FFFFF80765E14AD0 -> FFFFF8076A484FE0]	
00000029	0.00026790	FFFFF8076A484F80[FFFFF80765A8FBC0 -> FFFFF8076A484FA0]	
00000030	0.00026970	FFFFF8076A484F40[FFFFF80765A21070 -> FFFFF8076A484F60]	
00000031	0.00027170	FFFFF8076A484F00[FFFFF80765A69F10 -> FFFFF8076A484F20]	
00000032	0.00027360	FFFFF8076A484EC0[FFFFF80765AC1890 -> FFFFF8076A484EE0]	
00000033	76.74269867	>GenericProtectionHandler FFFFF80765BAED8D/FFFFF807658D7BD0	
00000034	76.74271393	FFFFF80765BAED84> add rsp,28    ;1	
00000035	76.74272156	exit from FFFFF80765BAED8D to FFFFF80765BAEDC2	
00000036	76.74273682	>GenericProtectionHandler FFFFF80765B20A41/FFFFF807658CEEF4	
00000037	76.74274445	FFFFF80765B2097C> mov rdi,[rsp + 1f8]    ;1	
00000038	76.74275208	FFFFF80765B2097C> mov rsi,[rsp + 1f0]    ;1	
00000039	76.74275970	FFFFF80765B2097C> mov rbx,[rsp + 1e0]    ;1	
00000040	76.74276733	FFFFF80765B2097C> add rsp,1d0    ;1	
00000041	76.74276733	FFFFF80765B20975> pop r14    ;1	
00000042	76.74277496	exit from FFFFF80765B20A41 to FFFFF80765A68A02	
00000043	80.49144745	1308750000 - STORMINI: StorAHCI - LPM: Port 00 - Port Stopped	
00000044	80.49150085	1308750000 - STORMINI: StorAHCI - LPM: Port 00 - Port Started	
00000045	80.49167633	1308750000 - STORMINI: StorAHCI - LPM: Port 00 - Port Stopped	
00000046	80.49169159	1308750000 - STORMINI: StorAHCI - LPM: Port 00 - Port Started	
00000047	80.49433899	1308906250 - STORMINI: StorAHCI - LPM: Port 00 - Port Stopped	
00000048	80.49434662	1308906250 - STORMINI: StorAHCI - LPM: Port 00 - Port Started	
00000049	80.49452972	1308906250 - STORMINI: StorAHCI - LPM: Port 00 - Port Stopped	
00000050	80.49453735	1308906250 - STORMINI: StorAHCI - LPM: Port 00 - Port Started	
00000051	189.83605957	>GenericProtectionHandler FFFFF80765BAE90D/FFFFF807658D7AF8	
00000052	189.83607483	FFFFF80765BAE904> add rsp,28    ;1	
00000053	189.83607483	exit from FFFFF80765BAE90D to FFFFF80765BAE9CD	
00000054	189.83609009	>GenericProtectionHandler FFFFF80765BAE9CD/FFFFF807658D7B1C	
00000055	189.83609009	FFFFF80765BAE9C4> add rsp,28    ;1	
00000056	189.83609009	exit from FFFFF80765BAE9CD to FFFFF80765BAEA02	
00000057	213.09913635	DriverUnload	
00000058	213.09915161	G[0]=000000000000000F	
00000059	213.09915161	>> G[3][0.3] 0000000000000008/0000000000000008	
00000060	213.09915161	Pcr = FFFF9E8026580000(FFFF9E8026580180)	
00000061	213.09915161	AcpiReserved=0000000000000000 HalReserved=0000000000000000	
00000062	213.09916687	int0D = FFFF9E802658D0D0 KiGenericProtectionFault = FFFFF8076A486D40 [0]	
00000063	213.09921265	>> G[2][0.2] 0000000000000004/0000000000000004	
00000064	213.09921265	Pcr = FFFF9E8026500000(FFFF9E8026500180)	
00000065	213.09921265	AcpiReserved=0000000000000000 HalReserved=0000000000000000	
00000066	213.09921265	int0D = FFFF9E802650D0D0 KiGenericProtectionFault = FFFFF8076A486D40 [0]	
00000067	213.09925842	>> G[1][0.1] 0000000000000002/0000000000000002	
00000068	213.09927368	Pcr = FFFF9E80267E4000(FFFF9E80267E4180)	
00000069	213.09927368	AcpiReserved=0000000000000000 HalReserved=0000000000000000	
00000070	213.09927368	int0D = FFFF9E80267F10D0 KiGenericProtectionFault = FFFFF8076A486D40 [0]	
00000071	213.09933472	>> G[0][0.0] 0000000000000001/0000000000000001	
00000072	213.09933472	Pcr = FFFFF807645BB000(FFFFF807645BB180)	
00000073	213.09933472	AcpiReserved=0000000000000000 HalReserved=0000000000000000	
00000074	213.09933472	int0D = FFFFF8076865E0D0 KiGenericProtectionFault = FFFFF8076A486D40 [0]	
00000075	213.09933472	>> G[0]=0000000000000000	
