00000001	0.00000000	DriverEntry(FFFFE000026AF740, \REGISTRY\MACHINE\SYSTEM\ControlSet001\Services\*) 	
00000002	0.00001280	DO=FFFFE000026AF530, 0	
00000003	10.89951134	OnCreate(FFFFE0000258D180 00000884 fo=FFFFE00002853070)	
00000004	10.89954472	FCB::FCB<FFFFE00002856DA0>	
00000005	10.89957047	PrivateCacheMap=FFFFE0000280B888, buf = FFFFC00002000000 2	
00000006	16.51846886	FastIoWrite	
00000007	16.51848602	DoWrite[99c]<0000000000000000>(00000000 mdl=0000000000000000 ub=000000C7D5C30000 w=1 fo=FFFFE00002853070 10000 -> 0)	
00000008	16.51848984	call CcCopyWrite...	
00000009	16.51857185	CcCopyWrite=1	
00000010	16.51857758	DoWrite=0, 0000000000010000	
00000011	26.71015549	712187500 - STORMINI: StorAHCI - LPM: Adapter - D3	
00000012	28.45689392	AcquireForLazyWrite(FFFFE00002856DA0 1)	
00000013	28.45692825	OnWrite(FFFFE000026A6760 00020043 m=0)	
00000014	28.45694160	DoWrite[4]<0000000000000000>(00020043 mdl=FFFFD000214717F0 ub=0000000000000000 w=1 fo=FFFFE00002853070 10000 -> 0)	
00000015	28.45694923	MmGetSystemAddressForMdlSafe=FFFFD00021A15000	
00000016	28.45695305	FFFFC00002000000 << 10000	
00000017	28.45701981	DoWrite=0, 0000000000010000	
00000018	28.45703697	ReleaseFromLazyWrite(FFFFE00002856DA0 96dec90)	
00000019	28.45704460	OnSetInfo(FFFFE000026A6760 00000042 c=14 len=8)	
00000020	28.45704842	EOF: 400000	
00000021	42.38220596	FastIoWrite	
00000022	42.38222122	DoWrite[99c]<0000000000000000>(00000000 mdl=0000000000000000 ub=000000C7D5C30000 w=1 fo=FFFFE00002853070 10000 -> 10000)	
00000023	42.38222504	call CcCopyWrite...	
00000024	42.38228989	CcCopyWrite=1	
00000025	42.38229370	DoWrite=0, 0000000000010000	
00000026	44.83670044	AcquireForLazyWrite(FFFFE00002856DA0 1)	
00000027	44.83684540	OnWrite(FFFFE000026F2010 00020043 m=0)	
00000028	44.83686066	DoWrite[4]<0000000000000000>(00020043 mdl=FFFFD00020D6C7F0 ub=0000000000000000 w=1 fo=FFFFE00002853070 10000 -> 10000)	
00000029	44.83686447	MmGetSystemAddressForMdlSafe=FFFFD000239A6000	
00000030	44.83687210	FFFFC00002010000 << 10000	
00000031	44.83704758	DoWrite=0, 0000000000010000	
00000032	44.83706284	ReleaseFromLazyWrite(FFFFE00002856DA0 96dec90)	
00000033	44.83707428	OnSetInfo(FFFFE000026F2010 00000042 c=14 len=8)	
00000034	44.83707809	EOF: 400000	
00000035	54.94709015	FastIoWrite	
00000036	54.94730759	DoWrite[99c]<0000000000000000>(00000000 mdl=0000000000000000 ub=000000C7D5C30000 w=1 fo=FFFFE00002853070 10000 -> 20000)	
00000037	54.94731522	call CcCopyWrite...	
00000038	54.94737625	CcCopyWrite=1	
00000039	54.94738007	DoWrite=0, 0000000000010000	
00000040	54.94756699	FastIoWrite	
00000041	54.94762039	DoWrite[99c]<0000000000000000>(00000000 mdl=0000000000000000 ub=000000C7D5C30000 w=1 fo=FFFFE00002853070 10000 -> 30000)	
00000042	54.94762421	call CcCopyWrite...	
00000043	54.94766998	CcCopyWrite=1	
00000044	54.94767380	DoWrite=0, 0000000000010000	
00000045	54.94785690	FastIoWrite	
00000046	54.94786835	DoWrite[99c]<0000000000000000>(00000000 mdl=0000000000000000 ub=000000C7D5C30000 w=1 fo=FFFFE00002853070 10000 -> 40000)	
00000047	54.94787216	call CcCopyWrite...	
00000048	54.94793320	CcCopyWrite=1	
00000049	54.94793320	DoWrite=0, 0000000000010000	
00000050	54.94816971	FastIoWrite	
00000051	54.94818115	DoWrite[99c]<0000000000000000>(00000000 mdl=0000000000000000 ub=000000C7D5C30000 w=1 fo=FFFFE00002853070 10000 -> 50000)	
00000052	54.94818497	call CcCopyWrite...	
00000053	54.94844437	CcCopyWrite=1	
00000054	54.94844818	DoWrite=0, 0000000000010000	
00000055	54.94867325	FastIoWrite	
00000056	54.94868469	DoWrite[99c]<0000000000000000>(00000000 mdl=0000000000000000 ub=000000C7D5C30000 w=1 fo=FFFFE00002853070 10000 -> 60000)	
00000057	54.94868469	call CcCopyWrite...	
00000058	54.94873428	CcCopyWrite=1	
00000059	54.94874191	DoWrite=0, 0000000000010000	
00000060	54.94891357	FastIoWrite	
00000061	54.94892883	DoWrite[99c]<0000000000000000>(00000000 mdl=0000000000000000 ub=000000C7D5C30000 w=1 fo=FFFFE00002853070 10000 -> 70000)	
00000062	54.94892883	call CcCopyWrite...	
00000063	54.94896698	CcCopyWrite=1	
00000064	54.94897079	DoWrite=0, 0000000000010000	
00000065	54.94914627	FastIoWrite	
00000066	54.94915390	DoWrite[99c]<0000000000000000>(00000000 mdl=0000000000000000 ub=000000C7D5C30000 w=1 fo=FFFFE00002853070 10000 -> 80000)	
00000067	54.94915771	call CcCopyWrite...	
00000068	54.94920349	CcCopyWrite=1	
00000069	54.94920731	DoWrite=0, 0000000000010000	
00000070	54.94938278	FastIoWrite	
00000071	54.94939041	DoWrite[99c]<0000000000000000>(00000000 mdl=0000000000000000 ub=000000C7D5C30000 w=1 fo=FFFFE00002853070 10000 -> 90000)	
00000072	54.94939423	call CcCopyWrite...	
00000073	54.94943237	CcCopyWrite=1	
00000074	54.94943619	DoWrite=0, 0000000000010000	
00000075	54.94967270	FastIoWrite	
00000076	54.94968414	DoWrite[99c]<0000000000000000>(00000000 mdl=0000000000000000 ub=000000C7D5C30000 w=1 fo=FFFFE00002853070 10000 -> a0000)	
00000077	54.94968796	call CcCopyWrite...	
00000078	54.94973373	CcCopyWrite=1	
00000079	54.94973755	DoWrite=0, 0000000000010000	
00000080	54.94991302	FastIoWrite	
00000081	54.94992447	DoWrite[99c]<0000000000000000>(00000000 mdl=0000000000000000 ub=000000C7D5C30000 w=1 fo=FFFFE00002853070 10000 -> b0000)	
00000082	54.94992447	call CcCopyWrite...	
00000083	54.94996643	CcCopyWrite=1	
00000084	54.94996643	DoWrite=0, 0000000000010000	
00000085	54.95014191	FastIoWrite	
00000086	54.95014954	DoWrite[99c]<0000000000000000>(00000000 mdl=0000000000000000 ub=000000C7D5C30000 w=1 fo=FFFFE00002853070 10000 -> c0000)	
00000087	54.95015717	call CcCopyWrite...	
00000088	54.95019531	CcCopyWrite=1	
00000089	54.95020294	DoWrite=0, 0000000000010000	
00000090	54.95037460	FastIoWrite	
00000091	54.95038223	DoWrite[99c]<0000000000000000>(00000000 mdl=0000000000000000 ub=000000C7D5C30000 w=1 fo=FFFFE00002853070 10000 -> d0000)	
00000092	54.95038605	call CcCopyWrite...	
00000093	54.95042419	CcCopyWrite=1	
00000094	54.95042801	DoWrite=0, 0000000000010000	
00000095	54.95064545	FastIoWrite	
00000096	54.95066071	DoWrite[99c]<0000000000000000>(00000000 mdl=0000000000000000 ub=000000C7D5C30000 w=1 fo=FFFFE00002853070 10000 -> e0000)	
00000097	54.95066452	call CcCopyWrite...	
00000098	54.95070648	CcCopyWrite=1	
00000099	54.95071030	DoWrite=0, 0000000000010000	
00000100	54.95089340	FastIoWrite	
00000101	54.95090103	DoWrite[99c]<0000000000000000>(00000000 mdl=0000000000000000 ub=000000C7D5C30000 w=1 fo=FFFFE00002853070 10000 -> f0000)	
00000102	54.95090485	call CcCopyWrite...	
00000103	54.95094299	CcCopyWrite=1	
00000104	54.95094681	DoWrite=0, 0000000000010000	
00000105	54.95112610	FastIoWrite	
00000106	54.95113373	DoWrite[99c]<0000000000000000>(00000000 mdl=0000000000000000 ub=000000C7D5C30000 w=1 fo=FFFFE00002853070 10000 -> 100000)	
00000107	54.95113754	call CcCopyWrite...	
00000108	54.95119476	CcCopyWrite=1	
00000109	54.95119858	DoWrite=0, 0000000000010000	
00000110	54.95138168	FastIoWrite	
00000111	54.95138168	DoWrite[99c]<0000000000000000>(00000000 mdl=0000000000000000 ub=000000C7D5C30000 w=1 fo=FFFFE00002853070 10000 -> 110000)	
00000112	54.95138168	call CcCopyWrite...	
00000113	54.95138931	CcCopyWrite=1	
00000114	54.95139313	DoWrite=0, 0000000000010000	
00000115	54.95142365	FastIoWrite	
00000116	54.95142365	DoWrite[99c]<0000000000000000>(00000000 mdl=0000000000000000 ub=000000C7D5C30000 w=1 fo=FFFFE00002853070 10000 -> 120000)	
00000117	54.95143127	call CcCopyWrite...	
00000118	54.95143890	CcCopyWrite=1	
00000119	54.95143890	DoWrite=0, 0000000000010000	
00000120	54.95147705	FastIoWrite	
00000121	54.95147705	DoWrite[99c]<0000000000000000>(00000000 mdl=0000000000000000 ub=000000C7D5C30000 w=1 fo=FFFFE00002853070 10000 -> 130000)	
00000122	54.95147705	call CcCopyWrite...	
00000123	54.95150375	CcCopyWrite=1	
00000124	54.95150375	DoWrite=0, 0000000000010000	
00000125	54.95153809	FastIoWrite	
00000126	54.95153809	DoWrite[99c]<0000000000000000>(00000000 mdl=0000000000000000 ub=000000C7D5C30000 w=1 fo=FFFFE00002853070 10000 -> 140000)	
00000127	54.95153809	call CcCopyWrite...	
00000128	54.95155334	CcCopyWrite=1	
00000129	54.95155334	DoWrite=0, 0000000000010000	
00000130	54.95159531	FastIoWrite	
00000131	54.95159912	DoWrite[99c]<0000000000000000>(00000000 mdl=0000000000000000 ub=000000C7D5C30000 w=1 fo=FFFFE00002853070 10000 -> 150000)	
00000132	54.95159912	call CcCopyWrite...	
00000133	54.95166397	CcCopyWrite=1	
00000134	54.95166397	DoWrite=0, 0000000000010000	
00000135	54.95170593	FastIoWrite	
00000136	54.95171356	DoWrite[99c]<0000000000000000>(00000000 mdl=0000000000000000 ub=000000C7D5C30000 w=1 fo=FFFFE00002853070 10000 -> 160000)	
00000137	54.95171356	call CcCopyWrite...	
00000138	54.95172119	CcCopyWrite=1	
00000139	54.95172501	DoWrite=0, 0000000000010000	
00000140	54.95175934	FastIoWrite	
00000141	54.95176315	DoWrite[99c]<0000000000000000>(00000000 mdl=0000000000000000 ub=000000C7D5C30000 w=1 fo=FFFFE00002853070 10000 -> 170000)	
00000142	54.95176315	call CcCopyWrite...	
00000143	54.95177078	CcCopyWrite=1	
00000144	54.95177078	DoWrite=0, 0000000000010000	
00000145	54.95180511	FastIoWrite	
00000146	54.95180893	DoWrite[99c]<0000000000000000>(00000000 mdl=0000000000000000 ub=000000C7D5C30000 w=1 fo=FFFFE00002853070 10000 -> 180000)	
00000147	54.95180893	call CcCopyWrite...	
00000148	54.95183182	CcCopyWrite=1	
00000149	54.95183563	DoWrite=0, 0000000000010000	
00000150	54.95186615	FastIoWrite	
00000151	54.95186996	DoWrite[99c]<0000000000000000>(00000000 mdl=0000000000000000 ub=000000C7D5C30000 w=1 fo=FFFFE00002853070 10000 -> 190000)	
00000152	54.95186996	call CcCopyWrite...	
00000153	54.95189285	CcCopyWrite=1	
00000154	54.95189285	DoWrite=0, 0000000000010000	
00000155	54.95192719	FastIoWrite	
00000156	54.95193100	DoWrite[99c]<0000000000000000>(00000000 mdl=0000000000000000 ub=000000C7D5C30000 w=1 fo=FFFFE00002853070 10000 -> 1a0000)	
00000157	54.95193100	call CcCopyWrite...	
00000158	54.95199585	CcCopyWrite=1	
00000159	54.95199585	DoWrite=0, 0000000000010000	
00000160	54.95204163	FastIoWrite	
00000161	54.95204544	DoWrite[99c]<0000000000000000>(00000000 mdl=0000000000000000 ub=000000C7D5C30000 w=1 fo=FFFFE00002853070 10000 -> 1b0000)	
00000162	54.95204544	call CcCopyWrite...	
00000163	54.95205688	CcCopyWrite=1	
00000164	54.95205688	DoWrite=0, 0000000000010000	
00000165	54.95209122	FastIoWrite	
00000166	54.95209503	DoWrite[99c]<0000000000000000>(00000000 mdl=0000000000000000 ub=000000C7D5C30000 w=1 fo=FFFFE00002853070 10000 -> 1c0000)	
00000167	54.95209503	call CcCopyWrite...	
00000168	54.95210266	CcCopyWrite=1	
00000169	54.95210266	DoWrite=0, 0000000000010000	
00000170	54.95214081	FastIoWrite	
00000171	54.95214081	DoWrite[99c]<0000000000000000>(00000000 mdl=0000000000000000 ub=000000C7D5C30000 w=1 fo=FFFFE00002853070 10000 -> 1d0000)	
00000172	54.95214081	call CcCopyWrite...	
00000173	54.95215225	CcCopyWrite=1	
00000174	54.95215225	DoWrite=0, 0000000000010000	
00000175	54.95218658	FastIoWrite	
00000176	54.95219040	DoWrite[99c]<0000000000000000>(00000000 mdl=0000000000000000 ub=000000C7D5C30000 w=1 fo=FFFFE00002853070 10000 -> 1e0000)	
00000177	54.95219040	call CcCopyWrite...	
00000178	54.95224762	CcCopyWrite=1	
00000179	54.95225525	DoWrite=0, 0000000000010000	
00000180	54.95230103	FastIoWrite	
00000181	54.95230484	DoWrite[99c]<0000000000000000>(00000000 mdl=0000000000000000 ub=000000C7D5C30000 w=1 fo=FFFFE00002853070 10000 -> 1f0000)	
00000182	54.95230484	call CcCopyWrite...	
00000183	54.95236206	CcCopyWrite=1	
00000184	54.95236206	DoWrite=0, 0000000000010000	
00000185	54.95240784	FastIoWrite	
00000186	54.95241165	DoWrite[99c]<0000000000000000>(00000000 mdl=0000000000000000 ub=000000C7D5C30000 w=1 fo=FFFFE00002853070 10000 -> 200000)	
00000187	54.95241165	call CcCopyWrite...	
00000188	54.95243073	CcCopyWrite=1	
00000189	54.95243073	DoWrite=0, 0000000000010000	
00000190	54.95246124	FastIoWrite	
00000191	54.95246887	DoWrite[99c]<0000000000000000>(00000000 mdl=0000000000000000 ub=000000C7D5C30000 w=1 fo=FFFFE00002853070 10000 -> 210000)	
00000192	54.95246887	call CcCopyWrite...	
00000193	54.95247650	CcCopyWrite=1	
00000194	54.95247650	DoWrite=0, 0000000000010000	
00000195	54.95251465	FastIoWrite	
00000196	54.95251465	DoWrite[99c]<0000000000000000>(00000000 mdl=0000000000000000 ub=000000C7D5C30000 w=1 fo=FFFFE00002853070 10000 -> 220000)	
00000197	54.95251465	call CcCopyWrite...	
00000198	54.95252609	CcCopyWrite=1	
00000199	54.95252609	DoWrite=0, 0000000000010000	
00000200	54.95257187	FastIoWrite	
00000201	54.95257187	DoWrite[99c]<0000000000000000>(00000000 mdl=0000000000000000 ub=000000C7D5C30000 w=1 fo=FFFFE00002853070 10000 -> 230000)	
00000202	54.95257187	call CcCopyWrite...	
00000203	54.95258713	CcCopyWrite=1	
00000204	54.95258713	DoWrite=0, 0000000000010000	
00000205	54.95262146	FastIoWrite	
00000206	54.95262146	DoWrite[99c]<0000000000000000>(00000000 mdl=0000000000000000 ub=000000C7D5C30000 w=1 fo=FFFFE00002853070 10000 -> 240000)	
00000207	54.95262146	call CcCopyWrite...	
00000208	54.95263672	CcCopyWrite=1	
00000209	54.95263672	DoWrite=0, 0000000000010000	
00000210	54.95266724	FastIoWrite	
00000211	54.95267105	DoWrite[99c]<0000000000000000>(00000000 mdl=0000000000000000 ub=000000C7D5C30000 w=1 fo=FFFFE00002853070 10000 -> 250000)	
00000212	54.95267105	call CcCopyWrite...	
00000213	54.95273209	CcCopyWrite=1	
00000214	54.95273209	DoWrite=0, 0000000000010000	
00000215	54.95278168	FastIoWrite	
00000216	54.95278168	DoWrite[99c]<0000000000000000>(00000000 mdl=0000000000000000 ub=000000C7D5C30000 w=1 fo=FFFFE00002853070 10000 -> 260000)	
00000217	54.95278549	call CcCopyWrite...	
00000218	54.95279694	CcCopyWrite=1	
00000219	54.95279694	DoWrite=0, 0000000000010000	
00000220	54.95283127	FastIoWrite	
00000221	54.95283127	DoWrite[99c]<0000000000000000>(00000000 mdl=0000000000000000 ub=000000C7D5C30000 w=1 fo=FFFFE00002853070 10000 -> 270000)	
00000222	54.95283127	call CcCopyWrite...	
00000223	54.95284653	CcCopyWrite=1	
00000224	54.95284653	DoWrite=0, 0000000000010000	
00000225	54.95288086	FastIoWrite	
00000226	54.95288086	DoWrite[99c]<0000000000000000>(00000000 mdl=0000000000000000 ub=000000C7D5C30000 w=1 fo=FFFFE00002853070 10000 -> 280000)	
00000227	54.95288086	call CcCopyWrite...	
00000228	54.95289612	CcCopyWrite=1	
00000229	54.95289612	DoWrite=0, 0000000000010000	
00000230	54.95292664	FastIoWrite	
00000231	54.95293045	DoWrite[99c]<0000000000000000>(00000000 mdl=0000000000000000 ub=000000C7D5C30000 w=1 fo=FFFFE00002853070 10000 -> 290000)	
00000232	54.95293045	call CcCopyWrite...	
00000233	54.95294189	CcCopyWrite=1	
00000234	54.95294189	DoWrite=0, 0000000000010000	
00000235	54.95297623	FastIoWrite	
00000236	54.95297623	DoWrite[99c]<0000000000000000>(00000000 mdl=0000000000000000 ub=000000C7D5C30000 w=1 fo=FFFFE00002853070 10000 -> 2a0000)	
00000237	54.95297623	call CcCopyWrite...	
00000238	54.95298767	CcCopyWrite=1	
00000239	54.95299149	DoWrite=0, 0000000000010000	
00000240	54.95302200	FastIoWrite	
00000241	54.95302200	DoWrite[99c]<0000000000000000>(00000000 mdl=0000000000000000 ub=000000C7D5C30000 w=1 fo=FFFFE00002853070 10000 -> 2b0000)	
00000242	54.95302582	call CcCopyWrite...	
00000243	54.95303726	CcCopyWrite=1	
00000244	54.95303726	DoWrite=0, 0000000000010000	
00000245	54.95306778	FastIoWrite	
00000246	54.95307159	DoWrite[99c]<0000000000000000>(00000000 mdl=0000000000000000 ub=000000C7D5C30000 w=1 fo=FFFFE00002853070 10000 -> 2c0000)	
00000247	54.95307159	call CcCopyWrite...	
00000248	54.95308304	CcCopyWrite=1	
00000249	54.95308304	DoWrite=0, 0000000000010000	
00000250	54.95316315	FastIoWrite	
00000251	54.95316315	DoWrite[99c]<0000000000000000>(00000000 mdl=0000000000000000 ub=000000C7D5C30000 w=1 fo=FFFFE00002853070 10000 -> 2d0000)	
00000252	54.95316315	call CcCopyWrite...	
00000253	54.95317841	CcCopyWrite=1	
00000254	54.95317841	DoWrite=0, 0000000000010000	
00000255	54.95321274	FastIoWrite	
00000256	54.95321274	DoWrite[99c]<0000000000000000>(00000000 mdl=0000000000000000 ub=000000C7D5C30000 w=1 fo=FFFFE00002853070 10000 -> 2e0000)	
00000257	54.95321274	call CcCopyWrite...	
00000258	54.95322418	CcCopyWrite=1	
00000259	54.95322800	DoWrite=0, 0000000000010000	
00000260	54.95327377	FastIoWrite	
00000261	54.95327377	DoWrite[99c]<0000000000000000>(00000000 mdl=0000000000000000 ub=000000C7D5C30000 w=1 fo=FFFFE00002853070 10000 -> 2f0000)	
00000262	54.95327377	call CcCopyWrite...	
00000263	54.95328522	CcCopyWrite=1	
00000264	54.95328522	DoWrite=0, 0000000000010000	
00000265	54.95331955	FastIoWrite	
00000266	54.95332336	DoWrite[99c]<0000000000000000>(00000000 mdl=0000000000000000 ub=000000C7D5C30000 w=1 fo=FFFFE00002853070 10000 -> 300000)	
00000267	54.95332336	call CcCopyWrite...	
00000268	54.95333862	CcCopyWrite=1	
00000269	54.95333862	DoWrite=0, 0000000000010000	
00000270	54.95336914	FastIoWrite	
00000271	54.95337296	DoWrite[99c]<0000000000000000>(00000000 mdl=0000000000000000 ub=000000C7D5C30000 w=1 fo=FFFFE00002853070 10000 -> 310000)	
00000272	54.95337296	call CcCopyWrite...	
00000273	54.95338058	CcCopyWrite=1	
00000274	54.95338058	DoWrite=0, 0000000000010000	
00000275	54.95341492	FastIoWrite	
00000276	54.95341873	DoWrite[99c]<0000000000000000>(00000000 mdl=0000000000000000 ub=000000C7D5C30000 w=1 fo=FFFFE00002853070 10000 -> 320000)	
00000277	54.95341873	call CcCopyWrite...	
00000278	54.95343399	CcCopyWrite=1	
00000279	54.95343399	DoWrite=0, 0000000000010000	
00000280	54.95346451	FastIoWrite	
00000281	54.95346832	DoWrite[99c]<0000000000000000>(00000000 mdl=0000000000000000 ub=000000C7D5C30000 w=1 fo=FFFFE00002853070 10000 -> 330000)	
00000282	54.95346832	call CcCopyWrite...	
00000283	54.95347977	CcCopyWrite=1	
00000284	54.95347977	DoWrite=0, 0000000000010000	
00000285	54.95351410	FastIoWrite	
00000286	54.95351410	DoWrite[99c]<0000000000000000>(00000000 mdl=0000000000000000 ub=000000C7D5C30000 w=1 fo=FFFFE00002853070 10000 -> 340000)	
00000287	54.95351410	call CcCopyWrite...	
00000288	54.95352173	CcCopyWrite=1	
00000289	54.95352936	DoWrite=0, 0000000000010000	
00000290	54.95356750	FastIoWrite	
00000291	54.95356750	DoWrite[99c]<0000000000000000>(00000000 mdl=0000000000000000 ub=000000C7D5C30000 w=1 fo=FFFFE00002853070 10000 -> 350000)	
00000292	54.95356750	call CcCopyWrite...	
00000293	54.95358276	CcCopyWrite=1	
00000294	54.95358276	DoWrite=0, 0000000000010000	
00000295	54.95361328	FastIoWrite	
00000296	54.95362091	DoWrite[99c]<0000000000000000>(00000000 mdl=0000000000000000 ub=000000C7D5C30000 w=1 fo=FFFFE00002853070 10000 -> 360000)	
00000297	54.95362091	call CcCopyWrite...	
00000298	54.95363235	CcCopyWrite=1	
00000299	54.95363235	DoWrite=0, 0000000000010000	
00000300	54.95366287	FastIoWrite	
00000301	54.95367050	DoWrite[99c]<0000000000000000>(00000000 mdl=0000000000000000 ub=000000C7D5C30000 w=1 fo=FFFFE00002853070 10000 -> 370000)	
00000302	54.95367050	call CcCopyWrite...	
00000303	54.95367813	CcCopyWrite=1	
00000304	54.95367813	DoWrite=0, 0000000000010000	
00000305	54.95371628	FastIoWrite	
00000306	54.95371628	DoWrite[99c]<0000000000000000>(00000000 mdl=0000000000000000 ub=000000C7D5C30000 w=1 fo=FFFFE00002853070 10000 -> 380000)	
00000307	54.95371628	call CcCopyWrite...	
00000308	54.95372772	CcCopyWrite=1	
00000309	54.95372772	DoWrite=0, 0000000000010000	
00000310	54.95376205	FastIoWrite	
00000311	54.95376587	DoWrite[99c]<0000000000000000>(00000000 mdl=0000000000000000 ub=000000C7D5C30000 w=1 fo=FFFFE00002853070 10000 -> 390000)	
00000312	54.95376587	call CcCopyWrite...	
00000313	54.95377350	CcCopyWrite=1	
00000314	54.95377731	DoWrite=0, 0000000000010000	
00000315	54.95381165	FastIoWrite	
00000316	54.95381165	DoWrite[99c]<0000000000000000>(00000000 mdl=0000000000000000 ub=000000C7D5C30000 w=1 fo=FFFFE00002853070 10000 -> 3a0000)	
00000317	54.95381165	call CcCopyWrite...	
00000318	54.95382309	CcCopyWrite=1	
00000319	54.95382309	DoWrite=0, 0000000000010000	
00000320	54.95386124	FastIoWrite	
00000321	54.95386124	DoWrite[99c]<0000000000000000>(00000000 mdl=0000000000000000 ub=000000C7D5C30000 w=1 fo=FFFFE00002853070 10000 -> 3b0000)	
00000322	54.95386124	call CcCopyWrite...	
00000323	54.95387268	CcCopyWrite=1	
00000324	54.95387268	DoWrite=0, 0000000000010000	
00000325	54.95390701	FastIoWrite	
00000326	54.95391083	DoWrite[99c]<0000000000000000>(00000000 mdl=0000000000000000 ub=000000C7D5C30000 w=1 fo=FFFFE00002853070 10000 -> 3c0000)	
00000327	54.95391083	call CcCopyWrite...	
00000328	54.95392227	CcCopyWrite=1	
00000329	54.95392227	DoWrite=0, 0000000000010000	
00000330	54.95395660	FastIoWrite	
00000331	54.95395660	DoWrite[99c]<0000000000000000>(00000000 mdl=0000000000000000 ub=000000C7D5C30000 w=1 fo=FFFFE00002853070 10000 -> 3d0000)	
00000332	54.95396042	call CcCopyWrite...	
00000333	54.95396805	CcCopyWrite=1	
00000334	54.95396805	DoWrite=0, 0000000000010000	
00000335	54.95400620	FastIoWrite	
00000336	54.95400620	DoWrite[99c]<0000000000000000>(00000000 mdl=0000000000000000 ub=000000C7D5C30000 w=1 fo=FFFFE00002853070 10000 -> 3e0000)	
00000337	54.95400620	call CcCopyWrite...	
00000338	54.95402145	CcCopyWrite=1	
00000339	54.95402145	DoWrite=0, 0000000000010000	
00000340	54.95405197	FastIoWrite	
00000341	54.95405579	DoWrite[99c]<0000000000000000>(00000000 mdl=0000000000000000 ub=000000C7D5C30000 w=1 fo=FFFFE00002853070 10000 -> 3f0000)	
00000342	54.95405579	call CcCopyWrite...	
00000343	54.95407104	CcCopyWrite=1	
00000344	54.95407104	DoWrite=0, 0000000000010000	
00000345	55.79563904	AcquireForLazyWrite(FFFFE00002856DA0 1)	
00000346	55.79579544	OnWrite(FFFFE000025C0A70 00020043 m=0)	
00000347	55.79581070	DoWrite[4]<0000000000000000>(00020043 mdl=FFFFE00002769010 ub=0000000000000000 w=1 fo=FFFFE00002853070 100000 -> 20000)	
00000348	55.79583740	MmGetSystemAddressForMdlSafe=FFFFD00023A00000	
00000349	55.79584122	FFFFC00002020000 << 100000	
00000350	55.79703522	DoWrite=0, 0000000000100000	
00000351	55.79732895	ReleaseFromLazyWrite(FFFFE00002856DA0 96dec90)	
00000372	57.14970016	AcquireForLazyWrite(FFFFE00002856DA0 1)	
00000373	57.14995956	OnWrite(FFFFE00001AB0C20 00020043 m=0)	
00000374	57.14996338	DoWrite[4]<0000000000000000>(00020043 mdl=FFFFE0000284C010 ub=0000000000000000 w=1 fo=FFFFE00002853070 100000 -> 120000)	
00000375	57.14998245	MmGetSystemAddressForMdlSafe=FFFFD00024869000	
00000376	57.14998245	FFFFC00002120000 << 100000	
00000377	57.15079498	DoWrite=0, 0000000000100000	
00000378	57.15089417	ReleaseFromLazyWrite(FFFFE00002856DA0 96dec90)	
00000379	58.51422882	AcquireForLazyWrite(FFFFE00002856DA0 1)	
00000380	58.51433945	OnWrite(FFFFE00001AB0C20 00020043 m=0)	
00000381	58.51434326	DoWrite[4]<0000000000000000>(00020043 mdl=FFFFE0000284C010 ub=0000000000000000 w=1 fo=FFFFE00002853070 100000 -> 220000)	
00000382	58.51434708	MmGetSystemAddressForMdlSafe=FFFFD00023A00000	
00000383	58.51434708	FFFFC00002220000 << 100000	
00000384	58.51469803	DoWrite=0, 0000000000100000	
00000385	58.51477814	ReleaseFromLazyWrite(FFFFE00002856DA0 96dec90)	
00000386	59.88141251	AcquireForLazyWrite(FFFFE00002856DA0 1)	
00000387	59.88147736	OnWrite(FFFFE00001AB0C20 00020043 m=0)	
00000388	59.88148117	DoWrite[4]<0000000000000000>(00020043 mdl=FFFFE00002804130 ub=0000000000000000 w=1 fo=FFFFE00002853070 e0000 -> 320000)	
00000389	59.88148880	MmGetSystemAddressForMdlSafe=FFFFD00023A00000	
00000390	59.88148880	FFFFC00002320000 << e0000	
00000391	59.88175201	DoWrite=0, 00000000000E0000	
00000392	59.88183212	ReleaseFromLazyWrite(FFFFE00002856DA0 96dec90)	
00000393	59.88183594	OnSetInfo(FFFFE00001AB0C20 00000042 c=14 len=8)	
00000394	59.88183594	EOF: 400000	
00000395	70.44863892	FastIoRead	
00000396	70.44866180	DoRead[99c]<0000000000000000>(00000000 mdl=0000000000000000 ub=000000C7D5C30000 w=1 fo=FFFFE00002853070 400000 -> 0)	
00000397	70.44866180	call CcCopyRead...	
00000398	70.45057678	CcCopyRead=1 (0, 0000000000400000)	
00000399	75.74681854	OnCleanup(FFFFE00001AB0C20 00000404 fo=FFFFE00002853070 FFFFC00002000000)	
00000400	75.74790955	CcPurgeCacheSection=1	
00000401	75.74792480	Flags=40042 0000000000000000	
00000402	77.62114716	AcquireForLazyWrite(FFFFE00002856DA0 1)	
00000403	77.62115479	ReleaseFromLazyWrite(FFFFE00002856DA0 96dec90)	
00000404	77.62116241	OnSetInfo(FFFFE000028497E0 00000042 c=14 len=8)	
00000405	77.62116241	EOF: 400000	
00000406	77.62117767	AcquireFileForNtCreateSection(FFFFE00002853070)	
00000407	77.62118530	ReleaseFileForNtCreateSection(FFFFE00002853070)	
00000408	77.62121582	OnClose(FFFFE000028497E0 00000404 fo=FFFFE00002853070 FFFFC00002000000)	
00000409	77.62123108	CcPurgeCacheSection=1	
00000410	77.62123108	SignalState=1	
00000411	77.62123871	Flags=44042 0000000000000000	
00000412	77.62123871	FCB::~FCB<FFFFE00002856DA0>	
00000413	106.43517303	OnCreate(FFFFE000024ADC40 00000884 fo=FFFFE000028F18E0)	
00000414	106.43521118	FCB::FCB<FFFFE0000273AE70>	
00000415	106.43523407	PrivateCacheMap=FFFFE00001B2BD38, buf = FFFFC00002000000 2	
00000420	127.09415436	FastIoWrite	
00000421	127.09417725	DoWrite[99c]<0000000000000000>(00000000 mdl=0000000000000000 ub=000000C7D5C30000 w=1 fo=FFFFE000028F18E0 10000 -> 0)	
00000422	127.09418488	call CcCopyWrite...	
00000423	127.09426117	CcCopyWrite=1	
00000424	127.09426117	DoWrite=0, 0000000000010000	
00000425	134.89997864	AcquireForLazyWrite(FFFFE0000273AE70 1)	
00000426	134.90000916	OnWrite(FFFFE000001633F0 00020043 m=0)	
00000427	134.90011597	DoWrite[4]<0000000000000000>(00020043 mdl=FFFFD00020D6C7F0 ub=0000000000000000 w=1 fo=FFFFE000028F18E0 10000 -> 0)	
00000428	134.90013123	MmGetSystemAddressForMdlSafe=FFFFD000227ED000	
00000429	134.90014648	FFFFC00002000000 << 10000	
00000430	134.90020752	DoWrite=0, 0000000000010000	
00000431	134.90022278	ReleaseFromLazyWrite(FFFFE0000273AE70 96dec90)	
00000432	134.90022278	OnSetInfo(FFFFE000001633F0 00000042 c=14 len=8)	
00000433	134.90023804	EOF: 400000	
00000443	159.78697205	AcquireFileForNtCreateSection(FFFFE000028F18E0)	
00000444	159.78698730	FastIoQueryStandardInfo	
00000445	159.78698730	ReleaseFileForNtCreateSection(FFFFE000028F18E0)	
00000446	159.78700256	AcquireFileForNtCreateSection(FFFFE000028F18E0)	
00000447	159.78700256	ReleaseFileForNtCreateSection(FFFFE000028F18E0)	
00000448	160.37080383	OnCleanup(FFFFE000001633F0 00000404 fo=FFFFE000028F18E0 FFFFC00002000000)	
00000449	160.37084961	AcquireForCcFlush(FFFFE000028F18E0)	
00000450	160.37084961	ReleaseForCcFlush(FFFFE000028F18E0)	
00000451	160.37100220	CcPurgeCacheSection=1	
00000452	160.37100220	Flags=40042 0000000000000000	
00000453	163.37100220	AcquireForLazyWrite(FFFFE0000273AE70 1)	
00000454	163.37110901	ReleaseFromLazyWrite(FFFFE0000273AE70 96dec90)	
00000455	163.37110901	OnSetInfo(FFFFE000024ADC40 00000042 c=14 len=8)	
00000456	163.37112427	EOF: 400000	
00000457	163.37126160	AcquireFileForNtCreateSection(FFFFE000028F18E0)	
00000458	163.37126160	ReleaseFileForNtCreateSection(FFFFE000028F18E0)	
00000487	215.78135681	OnRead(FFFFE000000927D0 00060043 m=0)	
00000488	215.78135681	DoRead[968]<0000000000000000>(00060043 mdl=FFFFE000017D2860 ub=0000000000000000 w=1 fo=FFFFE000028F18E0 1000 -> 0)	
00000489	215.78135681	MmGetSystemAddressForMdlSafe=FFFFD00021F74000	
00000490	215.78135681	FFFFC00002000000 << 1000	
00000491	215.78135681	DoRead=0, 0000000000001000	
00000492	229.27401733	OnRead(FFFFE0000280E790 00060043 m=0)	
00000493	229.27401733	DoRead[968]<0000000000000000>(00060043 mdl=FFFFE000028345A0 ub=0000000000000000 w=1 fo=FFFFE000028F18E0 1000 -> 2000)	
00000494	229.27401733	MmGetSystemAddressForMdlSafe=FFFFD00023594000	
00000495	229.27401733	FFFFC00002002000 << 1000	
00000496	229.27401733	DoRead=0, 0000000000001000	
00000497	239.48197937	OnRead(FFFFE0000280E790 00060043 m=0)	
00000498	239.48197937	DoRead[968]<0000000000000000>(00060043 mdl=FFFFE00001B62360 ub=0000000000000000 w=1 fo=FFFFE000028F18E0 1000 -> 20000)	
00000499	239.48197937	MmGetSystemAddressForMdlSafe=FFFFD00020A44000	
00000500	239.48197937	FFFFC00002020000 << 1000	
00000501	239.48197937	DoRead=0, 0000000000001000	
00000502	249.05006409	OnRead(FFFFE0000280E790 00060043 m=0)	
00000503	249.05007935	DoRead[968]<0000000000000000>(00060043 mdl=FFFFE00001B62360 ub=0000000000000000 w=1 fo=FFFFE000028F18E0 1000 -> 33000)	
00000504	249.05007935	MmGetSystemAddressForMdlSafe=FFFFD0002145B000	
00000505	249.05007935	FFFFC00002033000 << 1000	
00000506	249.05007935	DoRead=0, 0000000000001000	

typedef unsigned __int64 ULONG_PTR, *PULONG_PTR;
typedef unsigned char UCHAR, *PUCHAR;
typedef unsigned long ULONG, *PULONG;

typedef struct _PS_PROTECTION {
    union {
        UCHAR Level;
        struct {
            UCHAR Type   : 3;
            UCHAR Audit  : 1;                  // Reserved
            UCHAR Signer : 4;
        };
    };
} PS_PROTECTION, *PPS_PROTECTION;

struct EPROCESS {
	UCHAR pad[0x87a];
	PS_PROTECTION Protection;
};

bool PsIsProtectedProcess(void* Process)
{
	return reinterpret_cast<EPROCESS*>(Process)->Protection.Type != 0;
}

ULONG g_prot_ofs;

bool FindProtectedBits(void* Process, int n)
{
	memset(Process, 0, n * sizeof(ULONG_PTR));
	
	union {
		void* pv;
		PS_PROTECTION* ps;
		ULONG_PTR *pp;
	};
	
	pv = Process;
	
	do {
		
		*pp = ~0;
		
		if (PsIsProtectedProcess(Process)) 
		{
			*pp = 0;
			
			n = sizeof(ULONG_PTR) / sizeof(PS_PROTECTION);
			
			do {
				
				ps->Level = ~0;
				
				if (PsIsProtectedProcess(Process)) {
					
					g_prot_ofs = (ULONG)((ULONG_PTR)ps - (ULONG_PTR)Process);
					
					return true;
				}
				
			} while (ps++, --n);
			
			return false;
		}
		
	} while (pp++, --n);
	
	return false;
}

